1 1 1 2 2 2 3 3 3 4 4 4 5 5 5 90 89 
6 6 6 7 7 7 8 8 8 9 9 9 10 10 10 90 89 
11 11 11 12 12 12 13 13 13 14 14 14 15 15 15 90 89 
16 16 16 17 17 17 18 18 18 19 19 19 20 20 20 88 87 
21 21 21 22 22 22 23 23 23 24 24 24 25 25 25 88 87 
26 26 26 27 27 27 28 28 28 29 29 29 30 30 30 88 87 
31 31 31 32 32 32 33 33 33 34 34 34 35 35 35 86 85 
36 36 36 37 37 37 38 38 38 39 39 39 40 40 40 86 85 
41 41 41 42 42 42 43 43 43 44 44 44 45 45 45 86 85 
46 46 46 47 47 47 48 48 48 49 49 49 50 50 50 84 83 
51 51 51 52 52 52 53 53 53 54 54 54 55 55 55 84 83 
56 56 56 57 57 57 58 58 58 59 59 59 60 60 60 84 83 
61 61 61 62 62 62 63 63 63 64 64 64 65 65 65 82 81 
66 66 66 67 67 67 68 68 68 69 69 69 70 70 70 82 81 
71 71 71 72 72 72 73 73 73 74 74 74 75 75 75 82 81 
76 76 76 77 77 77 78 78 78 79 79 79 80 80 80 0 0 

1 1 1 2 2 2 9 
3 3 3 4 4 4 9 
5 5 5 6 6 6 9 
7 7 7 8 8 8 0 

1 1 1 2 2 2 3 3 3 4 4 4 26 
5 5 5 6 6 6 7 7 7 8 8 8 26 
9 9 9 10 10 10 11 11 11 12 12 12 26 
13 13 13 14 14 14 15 15 15 16 16 16 25 
17 17 17 18 18 18 19 19 19 20 20 20 25 
21 21 21 22 22 22 23 23 23 24 24 24 25 

1 1 1 2 2 2 
3 3 3 4 4 4 
5 5 5 6 6 6 
7 7 7 8 8 8 
9 9 9 10 10 10 
11 11 11 12 12 12 
13 13 13 14 14 14 
15 15 15 16 16 16 
17 17 17 18 18 18 
19 19 19 20 20 20 
21 21 21 22 22 22 
23 23 23 24 24 24 
25 25 25 26 26 26 
27 27 27 28 28 28 
29 29 29 30 30 30 
31 31 31 32 32 32 
33 33 33 34 34 34 
35 35 35 36 36 36 

1 1 1 2 2 2 3 3 3 4 4 4 5 5 5 42 
6 6 6 7 7 7 8 8 8 9 9 9 10 10 10 42 
11 11 11 12 12 12 13 13 13 14 14 14 15 15 15 42 
16 16 16 17 17 17 18 18 18 19 19 19 20 20 20 41 
21 21 21 22 22 22 23 23 23 24 24 24 25 25 25 41 
26 26 26 27 27 27 28 28 28 29 29 29 30 30 30 41 
31 31 31 32 32 32 33 33 33 34 34 34 35 35 35 0 
36 36 36 37 37 37 38 38 38 39 39 39 40 40 40 0 

1 1 1 26 25 
2 2 2 26 25 
3 3 3 26 25 
4 4 4 24 23 
5 5 5 24 23 
6 6 6 24 23 
7 7 7 22 21 
8 8 8 22 21 
9 9 9 22 21 
10 10 10 20 19 
11 11 11 20 19 
12 12 12 20 19 
13 13 13 18 17 
14 14 14 18 17 
15 15 15 18 17 
16 16 16 0 0 

1 1 1 2 2 2 3 3 3 4 4 4 5 5 5 85 84 
6 6 6 7 7 7 8 8 8 9 9 9 10 10 10 85 84 
11 11 11 12 12 12 13 13 13 14 14 14 15 15 15 85 84 
16 16 16 17 17 17 18 18 18 19 19 19 20 20 20 83 82 
21 21 21 22 22 22 23 23 23 24 24 24 25 25 25 83 82 
26 26 26 27 27 27 28 28 28 29 29 29 30 30 30 83 82 
31 31 31 32 32 32 33 33 33 34 34 34 35 35 35 81 80 
36 36 36 37 37 37 38 38 38 39 39 39 40 40 40 81 80 
41 41 41 42 42 42 43 43 43 44 44 44 45 45 45 81 80 
46 46 46 47 47 47 48 48 48 49 49 49 50 50 50 79 78 
51 51 51 52 52 52 53 53 53 54 54 54 55 55 55 79 78 
56 56 56 57 57 57 58 58 58 59 59 59 60 60 60 79 78 
61 61 61 62 62 62 63 63 63 64 64 64 65 65 65 77 76 
66 66 66 67 67 67 68 68 68 69 69 69 70 70 70 77 76 
71 71 71 72 72 72 73 73 73 74 74 74 75 75 75 77 76 

1 1 1 2 2 2 3 3 3 58 57 
4 4 4 5 5 5 6 6 6 58 57 
7 7 7 8 8 8 9 9 9 58 57 
10 10 10 11 11 11 12 12 12 56 55 
13 13 13 14 14 14 15 15 15 56 55 
16 16 16 17 17 17 18 18 18 56 55 
19 19 19 20 20 20 21 21 21 54 53 
22 22 22 23 23 23 24 24 24 54 53 
25 25 25 26 26 26 27 27 27 54 53 
28 28 28 29 29 29 30 30 30 52 51 
31 31 31 32 32 32 33 33 33 52 51 
34 34 34 35 35 35 36 36 36 52 51 
37 37 37 38 38 38 39 39 39 50 49 
40 40 40 41 41 41 42 42 42 50 49 
43 43 43 44 44 44 45 45 45 50 49 
46 46 46 47 47 47 48 48 48 0 0 

1 1 1 18 
2 2 2 18 
3 3 3 18 
4 4 4 17 
5 5 5 17 
6 6 6 17 
7 7 7 16 
8 8 8 16 
9 9 9 16 
10 10 10 15 
11 11 11 15 
12 12 12 15 
13 13 13 0 
14 14 14 0 

1 1 1 2 2 2 3 3 3 4 4 4 5 5 5 102 101 
6 6 6 7 7 7 8 8 8 9 9 9 10 10 10 102 101 
11 11 11 12 12 12 13 13 13 14 14 14 15 15 15 102 101 
16 16 16 17 17 17 18 18 18 19 19 19 20 20 20 100 99 
21 21 21 22 22 22 23 23 23 24 24 24 25 25 25 100 99 
26 26 26 27 27 27 28 28 28 29 29 29 30 30 30 100 99 
31 31 31 32 32 32 33 33 33 34 34 34 35 35 35 98 97 
36 36 36 37 37 37 38 38 38 39 39 39 40 40 40 98 97 
41 41 41 42 42 42 43 43 43 44 44 44 45 45 45 98 97 
46 46 46 47 47 47 48 48 48 49 49 49 50 50 50 96 95 
51 51 51 52 52 52 53 53 53 54 54 54 55 55 55 96 95 
56 56 56 57 57 57 58 58 58 59 59 59 60 60 60 96 95 
61 61 61 62 62 62 63 63 63 64 64 64 65 65 65 94 93 
66 66 66 67 67 67 68 68 68 69 69 69 70 70 70 94 93 
71 71 71 72 72 72 73 73 73 74 74 74 75 75 75 94 93 
76 76 76 77 77 77 78 78 78 79 79 79 80 80 80 92 91 
81 81 81 82 82 82 83 83 83 84 84 84 85 85 85 92 91 
86 86 86 87 87 87 88 88 88 89 89 89 90 90 90 92 91 

