1 1 1 2 2 2 3 3 3 
4 4 4 5 5 5 6 6 6 
7 7 7 8 8 8 9 9 9 
10 10 10 11 11 11 12 12 12 
13 13 13 14 14 14 15 15 15 
16 16 16 17 17 17 18 18 18 
19 19 19 20 20 20 21 21 21 
22 22 22 23 23 23 24 24 24 
25 25 25 26 26 26 27 27 27 
28 28 28 29 29 29 30 30 30 
31 31 31 32 32 32 33 33 33 
34 34 34 35 35 35 36 36 36 

1 1 1 2 2 2 3 3 3 4 4 4 56 55 
5 5 5 6 6 6 7 7 7 8 8 8 56 55 
9 9 9 10 10 10 11 11 11 12 12 12 56 55 
13 13 13 14 14 14 15 15 15 16 16 16 54 53 
17 17 17 18 18 18 19 19 19 20 20 20 54 53 
21 21 21 22 22 22 23 23 23 24 24 24 54 53 
25 25 25 26 26 26 27 27 27 28 28 28 52 51 
29 29 29 30 30 30 31 31 31 32 32 32 52 51 
33 33 33 34 34 34 35 35 35 36 36 36 52 51 
37 37 37 38 38 38 39 39 39 40 40 40 50 49 
41 41 41 42 42 42 43 43 43 44 44 44 50 49 
45 45 45 46 46 46 47 47 47 48 48 48 50 49 

1 1 1 21 20 
2 2 2 21 20 
3 3 3 21 20 
4 4 4 19 18 
5 5 5 19 18 
6 6 6 19 18 
7 7 7 17 16 
8 8 8 17 16 
9 9 9 17 16 
10 10 10 15 14 
11 11 11 15 14 
12 12 12 15 14 
13 13 13 0 0 

1 1 1 2 2 2 3 3 3 25 24 
4 4 4 5 5 5 6 6 6 25 24 
7 7 7 8 8 8 9 9 9 25 24 
10 10 10 11 11 11 12 12 12 23 22 
13 13 13 14 14 14 15 15 15 23 22 
16 16 16 17 17 17 18 18 18 23 22 
19 19 19 20 20 20 21 21 21 0 0 

1 1 1 20 
2 2 2 20 
3 3 3 20 
4 4 4 19 
5 5 5 19 
6 6 6 19 
7 7 7 18 
8 8 8 18 
9 9 9 18 
10 10 10 17 
11 11 11 17 
12 12 12 17 
13 13 13 16 
14 14 14 16 
15 15 15 16 

1 1 1 2 2 2 3 3 3 26 
4 4 4 5 5 5 6 6 6 26 
7 7 7 8 8 8 9 9 9 26 
10 10 10 11 11 11 12 12 12 25 
13 13 13 14 14 14 15 15 15 25 
16 16 16 17 17 17 18 18 18 25 
19 19 19 20 20 20 21 21 21 0 
22 22 22 23 23 23 24 24 24 0 

1 1 1 2 2 2 3 3 3 36 35 
4 4 4 5 5 5 6 6 6 36 35 
7 7 7 8 8 8 9 9 9 36 35 
10 10 10 11 11 11 12 12 12 34 33 
13 13 13 14 14 14 15 15 15 34 33 
16 16 16 17 17 17 18 18 18 34 33 
19 19 19 20 20 20 21 21 21 32 31 
22 22 22 23 23 23 24 24 24 32 31 
25 25 25 26 26 26 27 27 27 32 31 
28 28 28 29 29 29 30 30 30 0 0 

1 1 1 2 2 2 3 3 3 40 
4 4 4 5 5 5 6 6 6 40 
7 7 7 8 8 8 9 9 9 40 
10 10 10 11 11 11 12 12 12 39 
13 13 13 14 14 14 15 15 15 39 
16 16 16 17 17 17 18 18 18 39 
19 19 19 20 20 20 21 21 21 38 
22 22 22 23 23 23 24 24 24 38 
25 25 25 26 26 26 27 27 27 38 
28 28 28 29 29 29 30 30 30 37 
31 31 31 32 32 32 33 33 33 37 
34 34 34 35 35 35 36 36 36 37 

1 1 1 2 2 2 3 3 3 4 4 4 56 
5 5 5 6 6 6 7 7 7 8 8 8 56 
9 9 9 10 10 10 11 11 11 12 12 12 56 
13 13 13 14 14 14 15 15 15 16 16 16 55 
17 17 17 18 18 18 19 19 19 20 20 20 55 
21 21 21 22 22 22 23 23 23 24 24 24 55 
25 25 25 26 26 26 27 27 27 28 28 28 54 
29 29 29 30 30 30 31 31 31 32 32 32 54 
33 33 33 34 34 34 35 35 35 36 36 36 54 
37 37 37 38 38 38 39 39 39 40 40 40 53 
41 41 41 42 42 42 43 43 43 44 44 44 53 
45 45 45 46 46 46 47 47 47 48 48 48 53 
49 49 49 50 50 50 51 51 51 52 52 52 0 

1 1 1 2 2 2 
3 3 3 4 4 4 
5 5 5 6 6 6 
7 7 7 8 8 8 
9 9 9 10 10 10 
11 11 11 12 12 12 
13 13 13 14 14 14 
15 15 15 16 16 16 
17 17 17 18 18 18 
19 19 19 20 20 20 
21 21 21 22 22 22 
23 23 23 24 24 24 
25 25 25 26 26 26 
27 27 27 28 28 28 
29 29 29 30 30 30 
31 31 31 32 32 32 
33 33 33 34 34 34 
35 35 35 36 36 36 

