XXXXXXXXXXX
...........
XXXXXXXXXXX
...........
XX.........
...........
...........
...........
...........
...........
...........
...........
...........
...........
...........
...........

XXXXXXXXXXXXXXXXX
.................
XXXXXXXXXXXXXXXXX
.................
XX...............
.................
.................
.................
.................
.................
.................
.................
.................
.................
.................

XXXXXXXXXXXXXXXXX
.................
XXXXXXXXXXXXXXXXX
.................
XX...............
.................
.................
.................
.................
.................
.................
.................
.................
.................
.................
.................

XXXXXX
......
XXXXXX
......
......
......
......
......
......
......
......
......
......
......
......
......

XXXXXXX
.......
X......
.......
.......
.......
.......

XXXXXX.
.......
.......
.......
.......
.......

XXXXXXXXXXXXXX
..............
..............
..............
..............
..............
..............
..............

XXXXXXXX
........
XXXXXXXX
........
........
........
........
........
........
........
........
........
........
........
........
........

XXXXXXXXXXXX
............
XXXXXXXXXXXX
............
XXX.........
............
............
............
............
............
............
............
............
............
............
............
............
............

XXXXXXXXXXX
...........
XXXX.......
...........
...........
...........
...........
...........
...........