XXXXXXXXXXXXXXX
...............
XXXXXXXXXXXXXXX
...............
XX.............
...............
...............
...............
...............
...............
...............
...............
...............
...............
...............
...............

XXXXXXXXXXXX....
................
................
................
................
................

XXXXXXXXXXXXXXXXXXXXXXXXX........
.................................
.................................
.................................
.................................

XXXXXXXXXXXXXXXXXXXXXXXXXXXXXXXXXX
..................................
XXXXXXXXXXXXXXXXXXXXXXXXXXXXXXXXXX
..................................
XXXXXXXXXXXXXXXXXXXXXXXXXXXXXXXXXX
..................................
XXXXXXXXXXXXXXXXXXXXXXXXXXXXXXXXXX
..................................
XXXXXXXX..........................
..................................
..................................
..................................
..................................
..................................
..................................
..................................
..................................
..................................
..................................
..................................
..................................
..................................
..................................
..................................
..................................
..................................
..................................
..................................
..................................
..................................
..................................
..................................
..................................
..................................

XXXXXXXXXXXXXXXXXXXXXXXXXXXXXXXXXX
..................................
XXXXXXXX..........................
..................................
..................................
..................................
..................................
..................................
..................................
..................................

XXXXXXXXXXXXXXXXXXXXXXXXXXXXXXXXX
.................................
XXXXXXXXXXXXXXXXXXXXXXXXXX.......
.................................
.................................
.................................
.................................
.................................
.................................
.................................
.................................
.................................
.................................
.................................

XXXXXXXXXXXXXXXXXXXXXXXXX
.........................
XXXXXXXXXXXXXXXXXXXXXXXXX
.........................
XXXXXXXXXXXXXXXXXXXXXXXXX
.........................
XXXXXXXXXXXXXXXX.........
.........................
.........................
.........................
.........................
.........................
.........................
.........................
.........................
.........................
.........................
.........................
.........................
.........................
.........................
.........................
.........................
.........................
.........................
.........................
.........................
.........................

XXXXXXXXXXX
...........
XXXXXXXXXXX
...........
XXXXXXXXXXX
...........
XXXXXXXXXXX
...........
XXXX.......
...........
...........
...........
...........
...........
...........
...........
...........
...........
...........
...........
...........
...........
...........
...........
...........
...........
...........
...........
...........
...........
...........
...........

XXXXXXXXXXXXXXXXXXXXXXXXXXXXXX
..............................
XXXXXXXXXXXXXXXXXXXXXXXXXXXXXX
..............................
..............................
..............................
..............................
..............................
..............................
..............................
..............................
..............................
..............................
..............................
..............................

XXXXXX
......
X.....
......
......
......
......
......
......
......

XXXXXXXXXXXXXXXXXXXXXXXXXXXXXXX
...............................
XXXXXXXXX......................
...............................
...............................
...............................
...............................
...............................
...............................
...............................

XXXXXXXXXXXXXXXXXX
..................
XXXXXXXXXXXXX.....
..................
..................
..................
..................
..................
..................
..................
..................
..................
..................

XXXXXXXXXXXXXXXXXXXXXXXXXXXXXXXXXXXX
....................................
....................................
....................................
....................................
....................................
....................................

XXXXXXXXXXXXXXXXXXXXXXXXX
.........................
XXXXXXXXXXXXXX...........
.........................
.........................
.........................
.........................
.........................
.........................
.........................
.........................
.........................

XXXXXX
......
XXXXXX
......
X.....
......
......
......
......
......
......
......
......
......
......
......
......

XXXXXXX
.......
XXXXXXX
.......
XXXXXXX
.......
XXXXXXX
.......
.......
.......
.......
.......
.......
.......
.......
.......
.......
.......
.......
.......
.......
.......
.......
.......
.......
.......
.......
.......

XXXXXXXXXXXXXX
..............
XXXXXXXXXXXXXX
..............
XXXXXXXXXXXXXX
..............
XXXXXXX.......
..............
..............
..............
..............
..............
..............
..............
..............
..............
..............
..............
..............
..............
..............
..............
..............
..............
..............
..............
..............
..............

XXXXXXXXXXXXXXXXXXXXXX
......................
XXXXXXXXXXXXXXXXXXXXXX
......................
......................
......................
......................
......................
......................
......................
......................
......................
......................
......................
......................

XXXXXXXXXXXXXXXXXXXXXXXX
........................
XXXXXXXXXXXXXXXXXXXXXXXX
........................
XXXXXXXXXXXXXXXXXXXXXXXX
........................
XXXXXXXXXXXXXXXXXX......
........................
........................
........................
........................
........................
........................
........................
........................
........................
........................
........................
........................
........................
........................
........................
........................
........................
........................
........................
........................
........................
........................
........................

XXXXXXXXXXXXXXXXXXXXXXXXXXXXXXX
...............................
XXXXXXXXXXXXXXXXXXXXXXXXXXXXXXX
...............................
XXXXXXXXXX.....................
...............................
...............................
...............................
...............................
...............................
...............................
...............................
...............................
...............................
...............................
...............................
...............................

XXX.
....
....
....
....

XXXXXXXXXXXXXXXXXXXXXXXXXXXXXXXXXXX
...................................
XXXXXXXXXXXXXXXXXXXXXXXXXXXXXXXXXXX
...................................
XXXXXXXXXXX........................
...................................
...................................
...................................
...................................
...................................
...................................
...................................
...................................
...................................
...................................
...................................
...................................

XXXXXXXXXXXXXXXXXXXXXXXXX
.........................
XXXXXXXXXXXXXXXXXXXXXXXXX
.........................
XXXXXXXXXXXXXXXXXXXXXXXXX
.........................
XXXXXXXXXXXXXXXXXXXXXX...
.........................
.........................
.........................
.........................
.........................
.........................
.........................
.........................
.........................
.........................
.........................
.........................
.........................
.........................
.........................
.........................
.........................
.........................
.........................
.........................
.........................
.........................
.........................

XXXXXXXXXXXXXXXXXXXXXXXXXXXXX
.............................
XXXXXXXXXXXXXXXXXXXXXXXXXXXXX
.............................
XXXXXXXXXXXXXXXXXXXXXXXXXXXXX
.............................
XXX..........................
.............................
.............................
.............................
.............................
.............................
.............................
.............................
.............................
.............................
.............................
.............................
.............................
.............................
.............................
.............................
.............................
.............................

XXXXXXXXXXXXXXXX
................
XXXXXXXXXXXXXXXX
................
XXXXXXXXXXXXXXXX
................
................
................
................
................
................
................
................
................
................
................
................
................
................
................
................
................
................

XXXXXXXXXXXXXXXXXXXXXXXXXX
..........................
XXXXXX....................
..........................
..........................
..........................
..........................
..........................
..........................

XXXXXXXXXXXX
............
XXXXXXXXX...
............
............
............
............
............
............
............
............
............
............

XXXXXXXXXXXXXXX
...............
XXXXXXXXXXXXXXX
...............
XXXXXXXXXXXXXXX
...............
XXXXXXXXXXXXXXX
...............
XXXXXXXXXXXXXXX
...............
X..............
...............
...............
...............
...............
...............
...............
...............
...............
...............
...............
...............
...............
...............
...............
...............
...............
...............
...............
...............
...............
...............
...............
...............
...............
...............
...............

XXXXXXXXXXXXX
.............
XXXXXXXXXXXXX
.............
XXXXXXXXXXXXX
.............
XXXXXXXXXXXXX
.............
.............
.............
.............
.............
.............
.............
.............
.............
.............
.............
.............
.............
.............
.............
.............
.............
.............
.............
.............
.............
.............

XXXXXXXXXXXXXXXXXXX
...................
XXXXXXXXXXX........
...................
...................
...................
...................
...................
...................
...................
...................
...................

XXXXXXXX
........
XXXXXXXX
........
XXXXXXXX
........
XX......
........
........
........
........
........
........
........
........
........
........
........
........
........
........
........
........
........
........

XXXXXXXXXXXXXXXXXXXXXXXXXXXXXXXXXXXX
....................................
XXXXXXXXXXXXXXXXXXXXXXXXXXXXXXXXXXXX
....................................
....................................
....................................
....................................
....................................
....................................
....................................
....................................
....................................
....................................
....................................
....................................

XXXXXXXXXXXXXXXXXX
..................
XXXXXXXXXXXXXXXXXX
..................
XXXXXXXXXXXXXXXXXX
..................
XXXXXXXXXXXXX.....
..................
..................
..................
..................
..................
..................
..................
..................
..................
..................
..................
..................
..................
..................
..................
..................
..................
..................
..................
..................
..................
..................

XXXXXXXXXXXXXXXXXXXXX
.....................
XXXXXXXXXXXX.........
.....................
.....................
.....................
.....................
.....................
.....................
.....................
.....................
.....................

XXXXXXXX
........
XXXXXXXX
........
XXXXXXXX
........
........
........
........
........
........
........
........
........
........
........
........
........
........
........
........
........
........

XXXXXXXXXXXXX
.............
XXXXXXXXXXXXX
.............
XX...........
.............
.............
.............
.............
.............
.............
.............
.............
.............
.............

XXXXXX
......
......
......
......
......
......
......

XXXXXXXXXXXXXX
..............
XXXXXXXXXXXXXX
..............
XXXXXXXXXXXXXX
..............
XXXXXXXXXX....
..............
..............
..............
..............
..............
..............
..............
..............
..............
..............
..............
..............
..............
..............
..............
..............
..............
..............
..............
..............
..............
..............
..............

XXXXX
.....
XXXXX
.....
XXXXX
.....
XXXX.
.....
.....
.....
.....
.....
.....
.....
.....
.....
.....
.....
.....
.....
.....
.....
.....
.....
.....
.....

XXXXXXXXXXXXXXX
...............
XXXXXXXXXXXXXXX
...............
XXXXXXXXXX.....
...............
...............
...............
...............
...............
...............
...............
...............
...............
...............
...............
...............
...............
...............

XXXXXXXXXXXXXX
..............
XXXXXXXXXXXXXX
..............
XXXXXXXXXXXXXX
..............
XXX...........
..............
..............
..............
..............
..............
..............
..............
..............
..............
..............
..............
..............
..............
..............
..............
..............
..............
..............

XXXXXXXXXXXXXXXX.....
.....................
.....................
.....................
.....................
.....................

XXXXXXXXXXXXXXXXXXXXXXXXXXXXXXXXXXXXX
.....................................
XXXXXXXXXXXXXXXXXXXXXXXXXXXXXXXXXXXXX
.....................................
XX...................................
.....................................
.....................................
.....................................
.....................................
.....................................
.....................................
.....................................
.....................................
.....................................
.....................................

XXXXXXXXXXXXXXX
...............
XXXXXXXXXXXXXXX
...............
XXXXXXXXXXXXXXX
...............
XXXXXXXXXXXXXXX
...............
XXXXXXXXXXXX...
...............
...............
...............
...............
...............
...............
...............
...............
...............
...............
...............
...............
...............
...............
...............
...............
...............
...............
...............
...............
...............
...............
...............
...............
...............
...............

XXXXXXXXXXXXXXXXXXXXXXXXXXXXXXX
...............................
XXXXXXXXXXXXXXXXXXXXXXXXXXXXXXX
...............................
XXXXXXXXXXXXXXXXXXXXXXXXXXXXXXX
...............................
XXXXXXXXXXXXXXXXXXX............
...............................
...............................
...............................
...............................
...............................
...............................
...............................
...............................
...............................
...............................
...............................
...............................
...............................
...............................
...............................
...............................
...............................
...............................
...............................
...............................
...............................

XXXXX
.....
XX...
.....
.....
.....
.....
.....
.....

XXXXXXXXXXXXXXXXXXXXXXXXXXXXXXXXXXXXX
.....................................
XXXXXXXXXXXXXXXXXXXXXXXXXXXXXXXXXXXXX
.....................................
XXXXXXXXXXXXXXXXXXXXXXXXXXXXXXXXXXXXX
.....................................
XXX..................................
.....................................
.....................................
.....................................
.....................................
.....................................
.....................................
.....................................
.....................................
.....................................
.....................................
.....................................
.....................................
.....................................
.....................................
.....................................
.....................................
.....................................

XXXXXXXXXXXXXXXXXXXXXXXXXXXXXXXXXX
..................................
XXXXXXXXXXXXXXXXXXXXXXXXX.........
..................................
..................................
..................................
..................................
..................................
..................................
..................................
..................................
..................................
..................................

XXXXXXXXXXXXXXXXXXXX
....................
XXXXXXXXXXXXXXXXXXXX
....................
....................
....................
....................
....................
....................
....................
....................
....................
....................
....................
....................
....................

XXXXXXXXXXXXXXXXXXXXXX
......................
XXXXXXXXXXXXXXXXXXXXXX
......................
XXXXXXXXXXXXXXXXXXXXXX
......................
XXXXXXXXXXX...........
......................
......................
......................
......................
......................
......................
......................
......................
......................
......................
......................
......................
......................
......................
......................
......................
......................
......................
......................
......................

XXXXXXXXXXXXXXX
...............
XXXXXXXXXXXXXXX
...............
XXXXXXXXXXXXXXX
...............
XXXXXXX........
...............
...............
...............
...............
...............
...............
...............
...............
...............
...............
...............
...............
...............
...............
...............
...............
...............
...............
...............

XXXXXXXXXXXXXXXXXXXXXXXXXXXX
............................
............................
............................
............................
............................
............................

XXXXXXXXXXXXXXXXXXXXXXXXXXXXXXX
...............................
XXXXXXXXXXXXXXXXXXXXXXXXXXXXXXX
...............................
XX.............................
...............................
...............................
...............................
...............................
...............................
...............................
...............................
...............................
...............................
...............................
...............................

XXXXXXXXXXXXXXXXXXXXXXXX
........................
XXXXXXXXXXXXXXXXXXXXXXXX
........................
........................
........................
........................
........................
........................
........................
........................
........................
........................
........................
........................
........................

XXXXXXXXXXXXXXXXXXXXXXXXXXXXXXXXX
.................................
XXXXXXXXXXXXXXXXXXXXXXXXXXXXXXXXX
.................................
XXXXXXXXXXXXXXXXXXXXXXXXXXX......
.................................
.................................
.................................
.................................
.................................
.................................
.................................
.................................
.................................
.................................
.................................
.................................
.................................
.................................
.................................
.................................

XXXXXXXXXXXXXX
..............
XXXXXXX.......
..............
..............
..............
..............
..............
..............
..............
..............
..............

XXXXXXXXXXXXXXXXXXXXXXXXXXXX
............................
XXXXXXXXXXXXXXXXXXXXXXXXXXXX
............................
XXXXXXXXXXXXXX..............
............................
............................
............................
............................
............................
............................
............................
............................
............................
............................
............................
............................
............................
............................

XXXXXXXX
........
XXXXXXXX
........
XXXXXXXX
........
XXXX....
........
........
........
........
........
........
........
........
........
........
........
........
........
........
........
........
........
........
........
........
........

XXXXXXXXXXXXXXXXXXXXXXXXXXXXXXXXXXXXXX
......................................
XXXXXXXXXXXXXXXXXXXXXXXXXXXXXXXXXXXXXX
......................................
XXXXXXXXXXXXXXXXXXXXXXXXXXXXXXXXXXXXXX
......................................
XXXXXXXXXXXXXXXXXXXXXXXXXXXXXXXXXXXXXX
......................................
......................................
......................................
......................................
......................................
......................................
......................................
......................................
......................................
......................................
......................................
......................................
......................................
......................................
......................................
......................................
......................................
......................................
......................................
......................................
......................................
......................................
......................................
......................................

XXXXXXXXXXXXXXXXXXXXXXXXXXXXXXXXXXX
...................................
XXXXXXXXXXXXXXXXXXXXXXXXXXXXXXXXXXX
...................................
XXXXXXXXXXXXXXXXXXXXXXXXXXXXXXXXXXX
...................................
XXXXXXXXXXXX.......................
...................................
...................................
...................................
...................................
...................................
...................................
...................................
...................................
...................................
...................................
...................................
...................................
...................................
...................................
...................................
...................................
...................................
...................................
...................................

XXXXXXXXXXXXXXXXXXX
...................
X..................
...................
...................
...................
...................
...................

XXXXXXXXXXXXXXXXXXXXXXXXXXXXXXXX
................................
XXXXXXXXXXXXXXXXXXXXXXXXXXXXXXXX
................................
XXXXXXXXXXXXXXXXXXXXXXXXXXXXXXXX
................................
XXXXXXXXXXXXXXXXXXXXXXXXXXXXXXXX
................................
................................
................................
................................
................................
................................
................................
................................
................................
................................
................................
................................
................................
................................
................................
................................
................................
................................
................................
................................
................................
................................
................................
................................

XXXXXXXXXXXXXXXXXXXXXXXXXXXXXX
..............................
XXXXXXXXXXXXXXXXXXXXXXXXXXXXXX
..............................
XXXXXXXXXXXXXXXXXXXXXXXXXXXXXX
..............................
XXXXXXXXXXXXXXXXXXXXXXXXXXXXXX
..............................
XXXXXXXXXXXXXXXXXXXXXX........
..............................
..............................
..............................
..............................
..............................
..............................
..............................
..............................
..............................
..............................
..............................
..............................
..............................
..............................
..............................
..............................
..............................
..............................
..............................
..............................
..............................
..............................
..............................
..............................
..............................
..............................
..............................
..............................
..............................

XXXXXXX
.......
XXXXXXX
.......
XXXXXXX
.......
XXXXXXX
.......
XXXXXX.
.......
.......
.......
.......
.......
.......
.......
.......
.......
.......
.......
.......
.......
.......
.......
.......
.......
.......
.......
.......
.......
.......
.......
.......
.......

XXXXXXXXXXXXXXXXXXXXXXXXXXX........
...................................
...................................
...................................
...................................

XXXXXXXXX
.........
XXXXXXXXX
.........
XXXXXXXXX
.........
XXXXXXXXX
.........
X........
.........
.........
.........
.........
.........
.........
.........
.........
.........
.........
.........
.........
.........
.........
.........
.........
.........
.........
.........
.........
.........

XXXXXXXXXXXXXXXXXXXXXXXXXX
..........................
XXXXXXXXXXXXXXXXXXXXXXXXXX
..........................
XXXXXXXXXXXXXXXXXXXXXXXXXX
..........................
XXXXXXXXXXXXXXXXXXXXXXXXXX
..........................
..........................
..........................
..........................
..........................
..........................
..........................
..........................
..........................
..........................
..........................
..........................
..........................
..........................
..........................
..........................
..........................
..........................
..........................
..........................
..........................
..........................
..........................
..........................
..........................

XXXXXXXX
........
XXXXXXXX
........
XXXXXXXX
........
XXXX....
........
........
........
........
........
........
........
........
........
........
........
........
........
........
........
........
........
........
........
........
........

XXXXXXXXXXXXXXXXXXXXXXX
.......................
XXXXXXXXXXXXXXXXXXXXXXX
.......................
XXXXXXXXXXXXXXXXXXXXXXX
.......................
XXXXXXXXX..............
.......................
.......................
.......................
.......................
.......................
.......................
.......................
.......................
.......................
.......................
.......................
.......................
.......................
.......................
.......................
.......................
.......................
.......................
.......................

XXXXXXXXXXXX
............
XXXXXXXXX...
............
............
............
............
............
............
............
............
............
............

XXXXXXXXXXXXXXXXXXXXXXXXXX
..........................
XXXXXXXXXXXXXXXXXXXXXXXXXX
..........................
XXXXXX....................
..........................
..........................
..........................
..........................
..........................
..........................
..........................
..........................
..........................
..........................
..........................
..........................
..........................

XXXXXXXXX
.........
XXXXXXXXX
.........
XXXXXXXXX
.........
XXX......
.........
.........
.........
.........
.........
.........
.........
.........
.........
.........
.........
.........
.........
.........
.........
.........

XXXXXXXXXXXXXXXXXXXXXXX
.......................
XXXXXXXXXXXXXXXXXXXXXXX
.......................
XXXXXXXXXXXXXXXXXXXXXXX
.......................
XXXXXXXXXXXXXXXXXXXXXXX
.......................
XXXX...................
.......................
.......................
.......................
.......................
.......................
.......................
.......................
.......................
.......................
.......................
.......................
.......................
.......................
.......................
.......................
.......................
.......................
.......................
.......................
.......................
.......................
.......................

XXXXXXXXXXXXXXXXXXXXXXXXXXX
...........................
XXXXXXXX...................
...........................
...........................
...........................
...........................
...........................
...........................
...........................

XXXXXXXXXXXXXXXXXXXXX
.....................
XXXXXXXXXXXXXXXXX....
.....................
.....................
.....................
.....................
.....................
.....................
.....................
.....................
.....................
.....................
.....................

XXXXXXXXXXXXXXXXXXXXXX
......................
......................
......................
......................
......................
......................
......................

XXXXXXX..
.........
.........
.........
.........
.........

XXXXXXXXXXXXXXXXXXXXXXXXXXXXXXXXXXXX
....................................
XXXXXXXXXXXXXXXXXXXXXXXXXXXXXXXXXXXX
....................................
XXXXXXXXXXXXXXXXXXXXXXXXXXX.........
....................................
....................................
....................................
....................................
....................................
....................................
....................................
....................................
....................................
....................................
....................................
....................................
....................................
....................................
....................................
....................................

XXXXXXX
.......
X......
.......
.......
.......
.......

XXXXXXXXXXXXXXXXX
.................
XXXXX............
.................
.................
.................
.................
.................
.................

XXXXXXXXXXXXXXXXXXXXXXXXXXXXX
.............................
XXXXXXXXXXXXXXXXXXXXXXXXXXXXX
.............................
XXXXXXXXXXXXXXXXXXXXXXXXXXXXX
.............................
XXX..........................
.............................
.............................
.............................
.............................
.............................
.............................
.............................
.............................
.............................
.............................
.............................
.............................
.............................
.............................
.............................
.............................
.............................

XXXXXXXXXXXX
............
XXXXXXXXXXXX
............
XXXXXXXXXXXX
............
XXX.........
............
............
............
............
............
............
............
............
............
............
............
............
............
............
............
............
............
............
............

XXXXXXXXXXXXX
.............
XXXXXXXXXXXXX
.............
XXXXXXXXXXXXX
.............
XXXXXXXXXXXXX
.............
XXXX.........
.............
.............
.............
.............
.............
.............
.............
.............
.............
.............
.............
.............
.............
.............
.............
.............
.............
.............
.............
.............
.............
.............
.............

XXXX...
.......
.......
.......

XXXXXXXXXXXXXXXXXXXXXXXXXXXXXX
..............................
XXXXXXXXXXXXXXXXXXXXXXXXXXXXXX
..............................
XXXXXXXXXXXXXXXXXXXXXXXXXXXXXX
..............................
XXXXXXXXXXXXXXX...............
..............................
..............................
..............................
..............................
..............................
..............................
..............................
..............................
..............................
..............................
..............................
..............................
..............................
..............................
..............................
..............................
..............................
..............................
..............................
..............................

XXXXXXXXXXXXXXXXXXXXXXXX
........................
XXXXXXXXXXXXXXXXXXXXXXXX
........................
XXXXXXXXXXXXXXXXXXXXXXXX
........................
XXXXXXXXXXXXXXXXXXXXXXXX
........................
XXXXXX..................
........................
........................
........................
........................
........................
........................
........................
........................
........................
........................
........................
........................
........................
........................
........................
........................
........................
........................
........................
........................
........................
........................
........................
........................

XXXXXXXXXXXXXXXXXXXXXXXXXXXXXXXX
................................
XXXXXXXXXXXXXXXXXXXXXXXXXXXXXXXX
................................
XXXXXXXXXXXXXXXXXXXXXXXX........
................................
................................
................................
................................
................................
................................
................................
................................
................................
................................
................................
................................
................................
................................
................................
................................
................................

XXXXXXXXXXXXXXXXXXXXXXXXXXXX
............................
XXXXXXXXXXXXXXXXXXXXXXXXXXXX
............................
............................
............................
............................
............................
............................
............................
............................
............................
............................
............................
............................

XXXXXXXXXXXXXXXXXX
..................
XXXXXXXXXXXXXXXXXX
..................
XXXXXXXXXXXXX.....
..................
..................
..................
..................
..................
..................
..................
..................
..................
..................
..................
..................
..................
..................
..................
..................
..................

XXXXXXXXXXXXXXXXXXXX
....................
XXXXXXXXXXXXXXXXXXXX
....................
XXXXXXXXXX..........
....................
....................
....................
....................
....................
....................
....................
....................
....................
....................
....................
....................
....................
....................

XXXXXXXXXXXXXXXXXXXXX.......
............................
............................
............................
............................

XXXXXXXXXXXXXXXXXX
..................
XXXXXXXXXXXXXXXXXX
..................
..................
..................
..................
..................
..................
..................
..................
..................
..................
..................
..................
..................

XXXXXXXXXX
..........
XXXXXXXXXX
..........
XXXXXXXXXX
..........
XXXXXXXXXX
..........
XXXXX.....
..........
..........
..........
..........
..........
..........
..........
..........
..........
..........
..........
..........
..........
..........
..........
..........
..........
..........
..........
..........
..........
..........
..........
..........
..........
..........
..........

XXXXXXXXXXXXXXXXXXXXX
.....................
XXXXXXXXXXXXXXXXXXXXX
.....................
XXXXXXXXXXXXXXXXXXXXX
.....................
XXXXXXXXXXXXXXXXXXXXX
.....................
XXXX.................
.....................
.....................
.....................
.....................
.....................
.....................
.....................
.....................
.....................
.....................
.....................
.....................
.....................
.....................
.....................
.....................
.....................
.....................
.....................
.....................
.....................
.....................

XXXXXXXXX
.........
XXXXXXXXX
.........
XXXX.....
.........
.........
.........
.........
.........
.........
.........
.........
.........
.........
.........
.........

XXXXXXXX
........
XXXXXXXX
........
........
........
........
........
........
........
........
........
........
........
........
........

XXXXXXXXXXXXXXXXXXXXXXXXXXXXX
.............................
XXXXXXXXXXXXXXXXXXXXXXXXXXXXX
.............................
XXXXXXXXXXXXXXXXXXXXXXXXXXXXX
.............................
XXXXXXXXXXXXXXXXXXXXXXXXXXXXX
.............................
XXXXXXXXXXXXXXXXXXXXXXXXXX...
.............................
.............................
.............................
.............................
.............................
.............................
.............................
.............................
.............................
.............................
.............................
.............................
.............................
.............................
.............................
.............................
.............................
.............................
.............................
.............................
.............................
.............................
.............................
.............................
.............................
.............................
.............................
.............................
.............................

XXXXXXXXXXXXXXXXXXXXXXXXXXXXXXXXXXX
...................................
XXXXXXXXXXXXXXXXXXXXXXXXXXXXXXXXXXX
...................................
XXXXXXXXXXXXXXXXXXXXXXXXXXXXXXXXXXX
...................................
XXXXXXXXXXXX.......................
...................................
...................................
...................................
...................................
...................................
...................................
...................................
...................................
...................................
...................................
...................................
...................................
...................................
...................................
...................................
...................................
...................................
...................................
...................................

XXXXXXXX
........
XXXXXXXX
........
XXXXXXXX
........
XXXXXXXX
........
........
........
........
........
........
........
........
........
........
........
........
........
........
........
........
........
........
........
........
........
........
........
........

XXXXXXXXXXXXXXXXXXXXXXX
.......................
XXXXXXXXXXXXXXXXXXXXXXX
.......................
XXXXXXXXXXXXXXXXXXXXXXX
.......................
XXX....................
.......................
.......................
.......................
.......................
.......................
.......................
.......................
.......................
.......................
.......................
.......................
.......................
.......................
.......................
.......................
.......................
.......................