XXXXXXXXXXXXXX
..............
XXX...........
..............
..............
..............
..............
..............
..............

XXXXXXXXX
.........
XXXXXXXXX
.........
XX.......
.........
.........
.........
.........
.........
.........
.........
.........
.........
.........
.........

XXXXXXXXXXXX
............
XXXXXXXXXXXX
............
XXX.........
............
............
............
............
............
............
............
............
............
............
............
............

XXXXXX
......
XXXX..
......
......
......
......
......
......
......
......
......
......

XXXXXX..
........
........
........
........

XXXXXXXXXXXXXXXXX
.................
XXXXX............
.................
.................
.................
.................
.................
.................
.................

XXXX....
........
........
........

XXXXXXXXXXX
...........
XXXXXXX....
...........
...........
...........
...........
...........
...........
...........
...........
...........

XXXXXXXXXXXXXXX
...............
XXXXX..........
...............
...............
...............
...............
...............
...............

XXXXXXXXXXXXXXXX
................
XXXX............
................
................
................
................
................
................
................