XXXXXXXXXXXXXXXXXXXXX
.....................
X....................
.....................
.....................
.....................
.....................

XXXXXXX
.......
XXX....
.......
.......
.......
.......
.......
.......

XXXXXXXXXXXXXXXXXXXXXXXXXXXXX
.............................
XXXXXXXXXXXXXXXXXXXXXXXXXXXXX
.............................
XXXXXXXXXXXXXXXXXXXXXXXXXXXXX
.............................
XXXXXXXXXXXXXXXXXXXXXXXXXXXXX
.............................
XXXXXXXXXXXXXXXXXXX..........
.............................
.............................
.............................
.............................
.............................
.............................
.............................
.............................
.............................
.............................
.............................
.............................
.............................
.............................
.............................
.............................
.............................
.............................
.............................
.............................
.............................
.............................
.............................
.............................
.............................
.............................

XXXXXXXXXXXXXXXXXXXXXXXXXXXXXXXXXXXXX
.....................................
XXXXXXXXXXXXXXXXXXXXXXXXXXXXX........
.....................................
.....................................
.....................................
.....................................
.....................................
.....................................
.....................................
.....................................
.....................................
.....................................

XXXXXXXXXXXXXXXXXXXXXXXXXXXXXXXXXXXXXX
......................................
XXXXXXXXXXXXXXXXXXXXXXXXXXXXXXXXXXXXXX
......................................
XXXXXXXXXXXXXXXXXXXXXXXXXXXXXXXXXXXXXX
......................................
XXXXXXXXX.............................
......................................
......................................
......................................
......................................
......................................
......................................
......................................
......................................
......................................
......................................
......................................
......................................
......................................
......................................
......................................
......................................
......................................
......................................

XXXXXXXXXXXXXXXX
................
XXXXXXXXXXXXXXXX
................
XXXXXXXXXXXXXXXX
................
XXXXXXXXXXXX....
................
................
................
................
................
................
................
................
................
................
................
................
................
................
................
................
................
................
................
................
................
................
................

XXXXXXXXXXXXXXXXX
.................
XXXXXXXXXXXXXXXXX
.................
XXXXXXXXXXXXXXXXX
.................
XXXXXXX..........
.................
.................
.................
.................
.................
.................
.................
.................
.................
.................
.................
.................
.................
.................
.................
.................
.................
.................
.................

XXXXXXXXXXXXXXXXXXXXXXXXXXXXXXXXXXXXXX
......................................
XXXXXXXXXXXXXXXXXXXXXXXXXXXXXXXXXXXXXX
......................................
XXXXXXXXXXXXXXXXXXXXXXXXXXXXXXXXXXXXXX
......................................
XXXXXXXXXXXXXXXXXXXXXXXXXXXXXXXXXXXXXX
......................................
XXXXXXXXX.............................
......................................
......................................
......................................
......................................
......................................
......................................
......................................
......................................
......................................
......................................
......................................
......................................
......................................
......................................
......................................
......................................
......................................
......................................
......................................
......................................
......................................
......................................
......................................
......................................

XXXXXXXXXXX
...........
XXXXXXXXXXX
...........
XXXXXXXXXXX
...........
XXXXXXXXXXX
...........
X..........
...........
...........
...........
...........
...........
...........
...........
...........
...........
...........
...........
...........
...........
...........
...........
...........
...........
...........
...........
...........
...........

XXXXXXXXXXXXXXXXXXXXXXXXXXX........
...................................
...................................
...................................
...................................

XXXXXXXXXXXXXXXXXXXXXX
......................
......................
......................
......................
......................
......................
......................

XXXXXXXXXXXXXXXXXXXXXXXX
........................
XXXXXX..................
........................
........................
........................
........................
........................
........................

XXXXXXX
.......
XXXXXXX
.......
XXXXXXX
.......
XXXXXXX
.......
XXXXXX.
.......
.......
.......
.......
.......
.......
.......
.......
.......
.......
.......
.......
.......
.......
.......
.......
.......
.......
.......
.......
.......
.......
.......
.......

XXXXX
.....
XXXXX
.....
XXXXX
.....
XXXXX
.....
XXXXX
.....
XXX..
.....
.....
.....
.....
.....
.....
.....
.....
.....
.....
.....
.....
.....
.....
.....
.....
.....
.....
.....
.....
.....
.....
.....
.....
.....
.....
.....

XXXXXXXXXXXXXX..............
............................
............................
............................

XXXXXXXXXXXXXXXX
................
XXXXXXXXXXXXXXXX
................
XXXXXXXXXXXXXXXX
................
................
................
................
................
................
................
................
................
................
................
................
................
................
................
................
................
................
................

XXXXXXXXXXXXXXXXXXXXXXXXXXXX..........
......................................
......................................
......................................
......................................

XXXXXXXXXXXXXXXXXXXXXXXXXXXXXXXXXXXXXX
......................................
XXXXXXXXXXXXXXXXXXXXXXXXXXXX..........
......................................
......................................
......................................
......................................
......................................
......................................
......................................
......................................
......................................
......................................
......................................

XXXXXXXX
........
XXXXXXXX
........
XXXXXXXX
........
XX......
........
........
........
........
........
........
........
........
........
........
........
........
........
........
........
........
........
........
........

XXXXXXXXX
.........
XXXXXXXXX
.........
XXXXXXXXX
.........
XXXXXXXXX
.........
XXXX.....
.........
.........
.........
.........
.........
.........
.........
.........
.........
.........
.........
.........
.........
.........
.........
.........
.........
.........
.........
.........
.........
.........
.........

XXXXXXXXXXXXXXXXXXXXX
.....................
XXXXXXXXXXXXXXXXXXXXX
.....................
XX...................
.....................
.....................
.....................
.....................
.....................
.....................
.....................
.....................
.....................
.....................
.....................

XXXXXXXXXXXXXXXXXXXXXXXXXXXXXXXXXXXXXX
......................................
XXXXXXXXXXXXXXXXXXXXXXXXXXXXXXXXXXXXXX
......................................
XXXXXXXXXXXXXXXXXXXXXXXXXXXXXXXXXXXXXX
......................................
XXXXXXXXXXXXXXXXXXXXXXXXXXXXXXXXXXXXXX
......................................
XXXXXXXXXXXXXXXXXXX...................
......................................
......................................
......................................
......................................
......................................
......................................
......................................
......................................
......................................
......................................
......................................
......................................
......................................
......................................
......................................
......................................
......................................
......................................
......................................
......................................
......................................
......................................
......................................
......................................
......................................
......................................

XXXXXXXXXXXXXXXXXXXXXX
......................
XXXXXXXXXXXXXXXXXXXXXX
......................
XXXXXXXXXXXXXXXXXXXXXX
......................
XXXXXXXXXXXXXXXXXXXXXX
......................
XXXXXXXXXXX...........
......................
......................
......................
......................
......................
......................
......................
......................
......................
......................
......................
......................
......................
......................
......................
......................
......................
......................
......................
......................
......................
......................
......................
......................
......................
......................

XXXXXXXXXXXXXXXXXXXXXXXXXXXXXX
..............................
XXXXXXXXXXXXXXXXXXXXXXXXXXXXXX
..............................
XXXXXXX.......................
..............................
..............................
..............................
..............................
..............................
..............................
..............................
..............................
..............................
..............................
..............................
..............................
..............................

XXXXXXXXXXXXXXXXXXXX
....................
XXXXXXXXXXXXXXX.....
....................
....................
....................
....................
....................
....................
....................
....................
....................
....................

XXXXX
.....
XXXXX
.....
XXXXX
.....
XXXXX
.....
XXXX.
.....
.....
.....
.....
.....
.....
.....
.....
.....
.....
.....
.....
.....
.....
.....
.....
.....
.....
.....
.....
.....
.....

XXXXXXXXXX
..........
XXXXXXXXXX
..........
XXXXXXXXXX
..........
XXXXX.....
..........
..........
..........
..........
..........
..........
..........
..........
..........
..........
..........
..........
..........
..........
..........
..........
..........
..........
..........
..........
..........

XXXXXXXXXXXXXXX
...............
XXXXXXXXXXXXXXX
...............
XXXXXXXXXXXXXXX
...............
XXX............
...............
...............
...............
...............
...............
...............
...............
...............
...............
...............
...............
...............
...............
...............
...............
...............

XXXXXX
......
X.....
......
......
......
......
......
......

XXXXXXXX
........
XXXXXXXX
........
XXXXXXXX
........
XXXXXXXX
........
XX......
........
........
........
........
........
........
........
........
........
........
........
........
........
........
........
........
........
........
........
........
........
........
........
........

XXXXXXXXXXXXXXXXXXXXXX
......................
XXXXXXXXXXXXXXXXXXXXXX
......................
XXXXXXXXXXXXXXXXXXXXXX
......................
XXXXXXXXXXX...........
......................
......................
......................
......................
......................
......................
......................
......................
......................
......................
......................
......................
......................
......................
......................
......................
......................
......................
......................
......................
......................

XXXXXXXXXXXX
............
XXXXXXXXXXXX
............
XXXXXXXXXXXX
............
XXXXXXXXXXXX
............
XXXXXX......
............
............
............
............
............
............
............
............
............
............
............
............
............
............
............
............
............
............
............
............
............
............
............
............
............
............
............

XXXXXXXXXXXXXXXXXXXXXXXXXXXXXXXXXXX
...................................
XXXXXXXXXXXXXXXXXXXXXXXXXXXX.......
...................................
...................................
...................................
...................................
...................................
...................................
...................................
...................................
...................................
...................................

XXXX...
.......
.......
.......

XXXXXXXXXXXXXXXXXX
..................
XXXXXXXXXXXXXXXXXX
..................
XXXXXXXXXXXXXXXXXX
..................
XXXXXXXXXXXXXXXXXX
..................
XXXXXXXXX.........
..................
..................
..................
..................
..................
..................
..................
..................
..................
..................
..................
..................
..................
..................
..................
..................
..................
..................
..................
..................
..................
..................
..................
..................
..................
..................

XXXXXX
......
XXXXXX
......
XXX...
......
......
......
......
......
......
......
......
......
......
......
......
......
......
......

XXXXXXXXXXXX
............
XXXXXXXXXXXX
............
XXXXXXXXXXXX
............
XXXXXXXXX...
............
............
............
............
............
............
............
............
............
............
............
............
............
............
............
............
............
............
............
............
............
............
............

XXXXXXXXXXXXXX
..............
XXX...........
..............
..............
..............
..............
..............
..............
..............

XXXXXXXXXXXXXXXXXXXXXXXXXXXXXXXXXX
..................................
XXXXXXXXXXXXXXXXXXXXXXXXXXXXXXXXXX
..................................
XXXXXXXXXXXXXXXXXXXXXXXXXXXXXXXXXX
..................................
XXXXXXXXXXXXXXXXXXXXXXXXXXXXXXXXXX
..................................
XXXXXXXX..........................
..................................
..................................
..................................
..................................
..................................
..................................
..................................
..................................
..................................
..................................
..................................
..................................
..................................
..................................
..................................
..................................
..................................
..................................
..................................
..................................
..................................
..................................
..................................
..................................

XXXXXXXXXXXXXXXXXXXXXXXX
........................
XXXXXXXXXXXXXXXXXXXXXXXX
........................
XXXXXXXXXXXXXXXXXXXXXXXX
........................
XXXXXXXXXXXXXXXXXXXXXXXX
........................
XXXXXX..................
........................
........................
........................
........................
........................
........................
........................
........................
........................
........................
........................
........................
........................
........................
........................
........................
........................
........................
........................
........................
........................
........................
........................
........................
........................

XXXXXXXXXXXXXXXXXXXXXXXXXXXXXX
..............................
XXXXXXXXXXXXXXXXXXXXXXXXXXXXXX
..............................
XXXXXXXXXXXXXXXXXXXXXXXXXXXXXX
..............................
XXXXXXXXXXXXXXXXXXXXXXXXXXXXXX
..............................
..............................
..............................
..............................
..............................
..............................
..............................
..............................
..............................
..............................
..............................
..............................
..............................
..............................
..............................
..............................
..............................
..............................
..............................
..............................
..............................
..............................
..............................
..............................

XXXXXXXXXXXXXXXXXX
..................
XXXXXXXXXXXXXXXXXX
..................
XXXX..............
..................
..................
..................
..................
..................
..................
..................
..................
..................
..................
..................
..................
..................

XXXXXXXXXXXXXXXXXXXXXXXXXXXXXXXXXXXXX
.....................................
XXXXXXXXXXXXXXXXXXXXXXXXXXXXXXXXXXXXX
.....................................
XXXXXXXXXXX..........................
.....................................
.....................................
.....................................
.....................................
.....................................
.....................................
.....................................
.....................................
.....................................
.....................................
.....................................
.....................................

XXXXXXXXXXXXXXXXXXX
...................
XXXXXXXXXXXXXXXXXXX
...................
XXXXXXXXXXXXXXXXXXX
...................
XXXXXXXX...........
...................
...................
...................
...................
...................
...................
...................
...................
...................
...................
...................
...................
...................
...................
...................
...................
...................
...................
...................

XXXXXXXXXXXXXXXXXXX...................
......................................
......................................
......................................

XXXXXXXXXXXXX
.............
XXXXXXXXXXXXX
.............
XXXXXXXXXXXXX
.............
XXXXXXXXXXXXX
.............
XXXX.........
.............
.............
.............
.............
.............
.............
.............
.............
.............
.............
.............
.............
.............
.............
.............
.............
.............
.............
.............
.............
.............
.............
.............

XXXXXXXXXXXXXXXXXXXXXXXXX
.........................
X........................
.........................
.........................
.........................
.........................

XXXXXXXXXXXXXXXXX
.................
XXXXXXXXXXXXXXXXX
.................
XXXXXXXXXXXXXXXXX
.................
XXXXXXXXXXXXXXXXX
.................
XXXX.............
.................
.................
.................
.................
.................
.................
.................
.................
.................
.................
.................
.................
.................
.................
.................
.................
.................
.................
.................
.................
.................
.................
.................

XXXXXXXXXXX...........
......................
......................
......................

XXXXXXXXXXXXXXXXXXXXXXXXXXXXXXXXX
.................................
XXXXXXXXXXXXXXXXXXXXXXXXXXXXXXXXX
.................................
XXXXXXXXXXXXXXXXXXX..............
.................................
.................................
.................................
.................................
.................................
.................................
.................................
.................................
.................................
.................................
.................................
.................................
.................................
.................................

XXXXXXXXXXXXXXXXXXXXXXXXXXXXXXXXX
.................................
XXXXXXXXXXXXXXXXXXXXXXXXXXXXXXXXX
.................................
XXXXXXXXXXXXXXXXXXXXXXXXXXXXXXXXX
.................................
XXXXXXXXXXXXXXXXXXXXXXXXXXXXXXXXX
.................................
XXXXXXXXXXXXXXXXXXXXX............
.................................
.................................
.................................
.................................
.................................
.................................
.................................
.................................
.................................
.................................
.................................
.................................
.................................
.................................
.................................
.................................
.................................
.................................
.................................
.................................
.................................
.................................
.................................
.................................
.................................
.................................

XXXXXXXXXXXXXXXXXXXXXXXXXXXXXXXXXX
..................................
XXXXXXXXXXXXXXXXXXXXXXXXXXXXXXXXXX
..................................
XXXXXXXXXXXXXXXXX.................
..................................
..................................
..................................
..................................
..................................
..................................
..................................
..................................
..................................
..................................
..................................
..................................
..................................
..................................

XXXXXXXXXXXXXXXXXXXXXXXXXXXXX
.............................
XXXXXXXXXXXXXXXXXXXXXXXXXXXXX
.............................
XXXXXXXXXXXXXXXXXXXXXXXXXXXXX
.............................
XXXXXXXXXXXXXXXXXXXXXXXXXXXXX
.............................
XXXX.........................
.............................
.............................
.............................
.............................
.............................
.............................
.............................
.............................
.............................
.............................
.............................
.............................
.............................
.............................
.............................
.............................
.............................
.............................
.............................
.............................
.............................
.............................
.............................

XXXXXXXXX.........
..................
..................
..................

XXXXXXXXXXXXXXXXXXXXXXXXXXXX
............................
XXXXXXXXXXXXXXXXXXXXXXXXXXXX
............................
XXXXXXXXXXXXXXXXXXXXXXXXXXXX
............................
XXXXXXXXXXXXXX..............
............................
............................
............................
............................
............................
............................
............................
............................
............................
............................
............................
............................
............................
............................
............................
............................
............................
............................
............................
............................

XXXX
....
X...
....
....
....
....
....
....
....

XXXXXXXXXXXXXXXXXXXXXXXXXXXXXXXXXXXXX
.....................................
XXXXXXXXXXXXXXXXXXXXXXXXXXXXXXXXXXXXX
.....................................
XXXXXXXXXXXXXXXXXXXXXXXXXXXXXXXXXXXXX
.....................................
XXXXXXXXXXXXXXXXXXXXXXXXXXXXXXXXXXXXX
.....................................
XXXXXXXXXXXXXXXXXXXXXXXXXXXXXXXX.....
.....................................
.....................................
.....................................
.....................................
.....................................
.....................................
.....................................
.....................................
.....................................
.....................................
.....................................
.....................................
.....................................
.....................................
.....................................
.....................................
.....................................
.....................................
.....................................
.....................................
.....................................
.....................................
.....................................
.....................................
.....................................
.....................................
.....................................
.....................................
.....................................

XXXX.
.....
.....
.....
.....
.....

XXXXXXXXXXXXXXXXXXXXXXXXXXXXXXXX
................................
XXXXXXXX........................
................................
................................
................................
................................
................................
................................
................................

XXXX
....
....
....
....
....
....
....

XXXXXXXXXXXXXXXXXXXXXXXXXXXXXXX
...............................
XXXXXXXXXXXXXXXXXXXXXXXXXXXXXXX
...............................
XXXXXXXXXXXXXXXXXXXXXXXXXXXXXXX
...............................
XXXXXXXXXXXXXXXXXXX............
...............................
...............................
...............................
...............................
...............................
...............................
...............................
...............................
...............................
...............................
...............................
...............................
...............................
...............................
...............................
...............................
...............................
...............................
...............................
...............................

XXXXXXXXXXXXXXXXXXXXXXXXXXXXXXXXXXXXX
.....................................
XXXXXXXXXXXXXXXXXXXXXXXXXXXXX........
.....................................
.....................................
.....................................
.....................................
.....................................
.....................................
.....................................
.....................................
.....................................
.....................................

XXXXXXXXXXXXXXXX......
......................
......................
......................
......................

XXXX
....
XXXX
....
XXXX
....
X...
....
....
....
....
....
....
....
....
....
....
....
....
....
....
....
....
....
....
....

XXXXXXXXXXXXXXXXXXXXXXXXXXXXXX
..............................
XXXXXXXXXXXXXXXXXXXXXXXXXXXXXX
..............................
XXXXXXXXXXXXXXXXXXXXXXXXXXXXXX
..............................
XXXXXXXXXXXXXXXXXXXXXXXXXXXXXX
..............................
XXXXXXX.......................
..............................
..............................
..............................
..............................
..............................
..............................
..............................
..............................
..............................
..............................
..............................
..............................
..............................
..............................
..............................
..............................
..............................
..............................
..............................
..............................
..............................
..............................
..............................
..............................

XXXXXXXXXXXXX
.............
XXXXXXXXXXXXX
.............
XXXXXXXXXXXXX
.............
XXX..........
.............
.............
.............
.............
.............
.............
.............
.............
.............
.............
.............
.............
.............
.............
.............
.............
.............

XXXXXXXXXXXXXXXXXXXXXXXXX
.........................
XXXXXXXXXXXXXXXXXXXXXXXXX
.........................
XXXXXXXXXXXXXXXXXXXXXXXXX
.........................
XXXXXXXXX................
.........................
.........................
.........................
.........................
.........................
.........................
.........................
.........................
.........................
.........................
.........................
.........................
.........................
.........................
.........................
.........................
.........................
.........................
.........................

XXXXXXXXXXXXXXXXXXX
...................
X..................
...................
...................
...................
...................
...................

XXXXXXXXXXXXXXXXXXXXXXXXX
.........................
X........................
.........................
.........................
.........................
.........................
.........................

XXXXXXXXXXXXXXXXXXXXXXXXXXXXXXXX
................................
XXXXXXXXXXXXXXXXXXXXXXXXXXXXXXXX
................................
XXXXXXXXXXXXXXXX................
................................
................................
................................
................................
................................
................................
................................
................................
................................
................................
................................
................................
................................
................................
................................

XXXXXXXXXXXXXXXXXXXXX
.....................
XXXXXXXXXXXXXXXXXXXXX
.....................
XXXXXXXXXXXXXXXXXXXXX
.....................
XXXXXXXXXXXXXXXXXXXXX
.....................
XXXXXXXXX............
.....................
.....................
.....................
.....................
.....................
.....................
.....................
.....................
.....................
.....................
.....................
.....................
.....................
.....................
.....................
.....................
.....................
.....................
.....................
.....................
.....................
.....................
.....................
.....................
.....................

XXXXXXXXXXXXXXXXXXXXXXXXXXXX
............................
XXXXXXXXXXXXXXXXXXXXXXXXXXXX
............................
XXXXXXXXXXXXXXXXXXXXXXXXXXXX
............................
XXXXXXXXXXXXXXXXXXXXXXXXXXXX
............................
XXXXXXXXXXXXXX..............
............................
............................
............................
............................
............................
............................
............................
............................
............................
............................
............................
............................
............................
............................
............................
............................
............................
............................
............................
............................
............................
............................
............................
............................
............................
............................

XXXXXXXXXXXXX
.............
XXXXXXXXXXXXX
.............
XXXXXXXXXXXXX
.............
XXXXXXXXXXXXX
.............
XXXXXXXXXXXXX
.............
X............
.............
.............
.............
.............
.............
.............
.............
.............
.............
.............
.............
.............
.............
.............
.............
.............
.............
.............
.............
.............
.............
.............
.............
.............
.............
.............

XXXXXXXX
........
........
........
........
........
........

XXXXXXXXXXXXXXXXXXXX
....................
XXXXXXXXXXXXXXXXXXXX
....................
XXXXXXXXXX..........
....................
....................
....................
....................
....................
....................
....................
....................
....................
....................
....................
....................
....................
....................
....................

XXXXXX
......
XXXXXX
......
XXX...
......
......
......
......
......
......
......
......
......
......
......
......
......
......

XXXXXXXXXX
..........
XX........
..........
..........
..........
..........
..........
..........
..........

XXXXXXXXXXX
...........
XXXXXXXXXXX
...........
XXXXXXXXXXX
...........
XXX........
...........
...........
...........
...........
...........
...........
...........
...........
...........
...........
...........
...........
...........
...........
...........
...........

XXXXXXXXXX
..........
XXXXXXXXXX
..........
XXXXXXXXXX
..........
XXXXXXX...
..........
..........
..........
..........
..........
..........
..........
..........
..........
..........
..........
..........
..........
..........
..........
..........
..........
..........
..........
..........
..........
..........
..........

XXXXXXXXXXXXXXX
...............
XXXXXXXXXXXXXXX
...............
XXXXXXXXXXXXXX.
...............
...............
...............
...............
...............
...............
...............
...............
...............
...............
...............
...............
...............
...............
...............
...............
...............

XXXXXXXXXXXXXXXXXXXXXXXXXXXXXXXXXXXX
....................................
XXXXXXXXXXXXXXXXXXXXXXXXXXXXXXXXXXXX
....................................
XXXXXXXXX...........................
....................................
....................................
....................................
....................................
....................................
....................................
....................................
....................................
....................................
....................................
....................................
....................................
....................................

XXXXXXXXXXXXXXXXXXXXXXXXXX
..........................
XXXXXXXXXXXXXXXXXXXXXXXXXX
..........................
XXXXXXXXXXXXXXXXXXXXXXXXXX
..........................
XXXXXXXXXXXXXXXXXXXXXXXXXX
..........................
XXXXXXXXXXXXX.............
..........................
..........................
..........................
..........................
..........................
..........................
..........................
..........................
..........................
..........................
..........................
..........................
..........................
..........................
..........................
..........................
..........................
..........................
..........................
..........................
..........................
..........................
..........................
..........................
..........................
..........................

XXXXXXXXXXXXXXXXXXXXXXXXXXXXXXXXXX
..................................
XXXXXXXXXXXXXXXXXXXXXXXXXXXXXXXXXX
..................................
..................................
..................................
..................................
..................................
..................................
..................................
..................................
..................................
..................................
..................................
..................................
..................................

XXXXXXXXXX....
..............
..............
..............
..............
..............

XXXXXXXXXXXXXXXXXXXXXXXXXXXXX
.............................
XXXXXXXXXXXXXXXXXXXXXXXXXXXXX
.............................
XXXXXXXXXXXXXXXXXXXXXXXX.....
.............................
.............................
.............................
.............................
.............................
.............................
.............................
.............................
.............................
.............................
.............................
.............................
.............................
.............................
.............................
.............................

XXXXXXXXXXXXXXXXXXXXXXXXXXXXXXXXXXXXX
.....................................
XXXXXXXXXXXXXXXXXXXXXXXXXXXXXXXXXXXXX
.....................................
XXXXXXXXXXXXXXXXXXXXX................
.....................................
.....................................
.....................................
.....................................
.....................................
.....................................
.....................................
.....................................
.....................................
.....................................
.....................................
.....................................
.....................................
.....................................

XXXXXXXXXXXXXX
..............
XXXXXXXXXXXXXX
..............
XXXXXXXXXXXXXX
..............
XXXXXXX.......
..............
..............
..............
..............
..............
..............
..............
..............
..............
..............
..............
..............
..............
..............
..............
..............
..............
..............
..............
..............

XXXXXX
......
XXXXXX
......
XXXXXX
......
XXXX..
......
......
......
......
......
......
......
......
......
......
......
......
......
......
......
......
......
......
......
......
......
......

XXXXXXXXXXXXXXXXXX.....
.......................
.......................
.......................
.......................

XXXXXXXXXXXXXXXXXXXXXXXX
........................
XXXXXXXXXXXXXXXXXXXXXXXX
........................
........................
........................
........................
........................
........................
........................
........................
........................
........................
........................
........................

XXXXXXXXXXXX
............
XXX.........
............
............
............
............
............
............

XXXX...
.......
.......
.......

XXXXXXXXXXXXX
.............
XXXXXXXXXXXXX
.............
XXXXXXXXX....
.............
.............
.............
.............
.............
.............
.............
.............
.............
.............
.............
.............
.............
.............
.............

XXXXXXXXXXXXXXXXXX
..................
XXXXXXXXXXXXXXXXXX
..................
XXXXXXXXXXXXXXXXXX
..................
XXXXXXXXX.........
..................
..................
..................
..................
..................
..................
..................
..................
..................
..................
..................
..................
..................
..................
..................
..................
..................
..................
..................
..................
..................

XXXXXXXXXXXXXXXXXXX.......
..........................
..........................
..........................
..........................
..........................

XXXXXXXXXXXXXXXXXXXXXXXXXXXXX
.............................
XXXXXXXXXXXXXXXX.............
.............................
.............................
.............................
.............................
.............................
.............................
.............................
.............................
.............................

XXXXXXXXXXXXXX
..............
XXXXXXXXXX....
..............
..............
..............
..............
..............
..............
..............
..............
..............
..............
..............

XXXXXXXXXXXXXXXXXXXXXXXXXXXXXXXXXXXXXX
......................................
XXXXXXXXXXXXXXXXXXXXXXXXXXXXXXXXXXXXXX
......................................
XXXXXXXXXXXXXXXXXXXXXXXXXXXXXXXXXXXXXX
......................................
XXXXXXXXXXXXXXXXXXXXXXXXXXXXXXXXXXXXXX
......................................
XXXXXXXXX.............................
......................................
......................................
......................................
......................................
......................................
......................................
......................................
......................................
......................................
......................................
......................................
......................................
......................................
......................................
......................................
......................................
......................................
......................................
......................................
......................................
......................................
......................................
......................................
......................................
......................................

XXXXXXXXXXXXXXXXXXXXXXXXXXXXXXXXX
.................................
XXXXXXXXXXXXXXXXXXXXXXXXXXXXXXXXX
.................................
XXXXXXXXXXXXXXXXXXXXXXXXXXXXXXXXX
.................................
XXXXXXXXXXXXXXXXXXXX.............
.................................
.................................
.................................
.................................
.................................
.................................
.................................
.................................
.................................
.................................
.................................
.................................
.................................
.................................
.................................
.................................
.................................
.................................
.................................
.................................

XXXXX
.....
XXXX.
.....
.....
.....
.....
.....
.....
.....
.....
.....