10

X-X-O-X-X-X-O-O-X-X-
-X-O-X-X-X-X-X-O-O-O
O-X-X-O-X-X-X-X-X-X-
-X-X-X-X-X-W-O-O-X-O
X-X-O-O-O-O-O-O-X-X-
-O-X-O-X-X-X-X-O-X-X
O-X-O-X-X-X-X-X-X-O-
-X-X-X-O-O-X-X-O-X-X

X-O-O-O-O-O-O-O-X-X-
-O-X-X-O-O-O-O-X-W-X
O-O-X-O-O-O-O-O-X-X-
-O-O-O-O-O-X-X-O-X-X
X-O-O-O-O-O-O-O-O-O-
-X-O-O-X-X-O-O-O-O-O
O-O-O-X-X-O-O-O-O-X-
-X-O-O-O-X-X-X-X-X-X

X-X-O-X-O-X-X-X-X-X-
-X-X-O-O-X-X-X-W-X-X
O-O-O-O-X-X-X-X-O-X-
-X-O-O-X-O-O-O-X-X-X
O-X-X-X-X-O-O-O-X-X-
-X-X-O-O-O-X-X-X-X-O
O-X-O-O-O-X-X-X-O-X-
-O-O-X-O-X-O-X-X-O-X

X-O-O-O-O-O-O-O-O-O-
-O-O-X-O-O-O-O-X-X-O
O-O-X-O-O-O-X-O-O-X-
-O-X-O-X-X-O-O-X-O-O
O-O-O-X-W-X-O-O-O-O-
-O-O-O-X-X-X-O-X-O-O
O-O-X-X-O-O-O-X-O-X-
-O-X-X-O-O-O-O-O-X-O

X-X-O-X-X-X-X-O-X-X-
-X-X-X-O-X-O-O-X-X-O
O-X-O-X-X-X-O-X-X-X-
-X-X-X-O-O-X-X-O-X-O
X-X-O-X-O-O-O-X-O-X-
-X-X-X-O-O-X-O-X-X-O
O-X-X-X-O-W-O-X-X-X-
-X-X-X-X-X-X-X-O-O-O

X-O-O-O-O-O-X-O-O-X-
-O-X-X-X-O-O-O-X-X-O
X-O-O-O-X-X-O-O-X-O-
-X-X-X-X-O-O-O-O-O-O
X-O-X-W-X-O-X-O-X-O-
-X-O-X-X-O-X-X-O-O-X
O-O-O-O-O-O-X-X-X-O-
-X-O-X-O-X-X-X-O-X-X

O-O-O-X-O-O-X-O-X-O-
-O-O-X-O-O-O-O-O-X-O
O-O-O-X-O-X-O-O-O-O-
-O-X-X-O-O-O-X-X-O-O
X-X-W-X-X-O-O-O-X-X-
-O-X-X-O-O-O-O-O-O-O
X-X-X-O-O-X-O-O-O-O-
-O-O-O-O-X-X-O-O-O-O

X-O-O-X-O-O-O-O-X-X-
-O-X-O-O-O-X-X-X-W-X
O-O-O-O-X-O-O-X-X-X-
-O-O-O-X-X-O-O-O-X-O
O-X-X-O-O-O-X-O-O-O-
-X-O-O-X-O-O-O-O-O-X
O-X-O-X-O-X-O-O-X-X-
-O-O-X-O-O-O-O-O-O-O

X-X-X-O-X-X-X-O-X-O-
-O-X-X-X-O-O-X-O-X-X
O-O-O-O-O-X-X-O-X-X-
-X-X-X-X-X-W-X-X-X-O
O-O-X-X-O-X-X-X-X-O-
-O-X-X-X-X-O-X-O-X-X
X-X-X-O-O-X-X-O-O-O-
-X-O-X-O-O-O-X-X-X-O

X-O-O-X-O-X-O-O-X-O-
-X-X-O-X-X-X-X-O-O-O
O-O-X-O-O-O-O-X-O-X-
-X-O-X-X-O-O-X-X-O-O
X-O-O-X-X-O-X-X-O-X-
-X-X-X-O-O-X-O-O-O-O
X-X-W-X-O-O-X-O-X-X-
-O-X-X-X-O-X-O-X-O-O
