PPPPPPPPPPPPPPPPPPPPPPPSSSSSSSSS
PPPPPPPPPPPPSSSSSSSSSSSSSSSSSSSS
PPPPPPPPPPPPPPPPPPPPPPPPPPPPSSSS
PPPPPPPPPPPPPPPPPPPPPPPPPPPSSSSS
PPPSSSSSSSSSSSSSSSSSSSSSSSSSSSSS
PPPPPPPPPPPPPPPPPPPPPPPPPSSSSSSS
PPPPPPPPPPPPPPPPPPPPPPPPPPPPSSSS
PPPSSSSSSSSSSSSSSSSSSSSSSSSSSSSS
PPPPPPPPPPPPPPPPPPPSSSSSSSSSSSSS
PPPPPPPPPPPPPPPPPPPPPPPPPPPPPRSS
PPPPPPPPPPPPPPPPPPPPPPPPPPPPPPPS
PPPPPPPPPPPPPPPPPPPPPPPPPPPPPPPS
PPPPPPPPPPPPPPPPPPPPPPPPPPPPPPSS
PPPPPPPPPPPPPPPPPPPPPPPPPPPPSSSS
PPPPPPPPPPPPPPPPPPPPPPSSSSSSSSSS
PPPPPPPPPPPPPPPPPPPPPPPPPSSSSSSS
PPPPPPPPPPPPPPPPPPPPPPPPPPPPPPSS
PPPPPPPPPPPPPPPPPPPPPPPPPPPPPPPS
PPPPPPPPPPPPPPPPPPPPPPPPPPPPSSSS
PPPPPPPPPPPPPPPPPPPPPPPPPSSSSSSS
PPPPPPPPPPPPPPPPPPPPPPPPPPPRSSSS
PPPPPPPPPPPPPPPPPPPPPPPPPPPPPSSS
PPPPPPPPPPPPPPPPPPPPPPPPPPPPPPPS
PPPPPPPPPPPPPPPPPPPPPPPPPPPPPSSS
PPPPPPPPPPPPPPPPPPPPPPPPPPPPRSSS
PPPPPPPPPPPPPPPPPPPPPPPSSSSSSSSS
PPPPPPPPPPPPPPPPPPPPPPPPPSSSSSSS
PPPPPPPPPPPPPPPPPPPPPPPPPPPPPPRS
PPPPPPPPPPPPPPPPPPPPPPPPPPPPPPSS
PPPPPPPPPSSSSSSSSSSSSSSSSSSSSSSS
PPPPPPPPPPPPPPPPPPPPPPPSSSSSSSSS
PPPPPPPPPPPPPPPPPPPPPPPPPPSSSSSS
PPPPPPPPPPPPPPPPPPPPPPPPPPSSSSSS
PPPPPPPPPPPPPPPPPPPPPPPPPPPPPPSS
PPPPPPPPPPPPPPPPPPPPPPPPPPPPPPPS
PPPPPPPPPPPPPPPPPPPPPPPPPPPPPPSS
PPPPPPPPPPPPPPPPPPPPPPPPPPPPPPPS
PPPPPPPPPPPPPPPPPPPPPPPPPPPPPPSS
PPPPPPPPPPPPPPPPPPPPPPPPPPSSSSSS
PPPPPPPPPPPPPPPPPPPPPPPPSSSSSSSS
PPPPPPPPPPPPPPPPPPPPPPPPPPPSSSSS
PPPPPPPPPPPPPPPPPPPPPPPPPPSSSSSS
PPPPPPPPPPPPPPPPPPPPPPPPPPPSSSSS
PPPPPPPPPPPPPPPPPPPPPPPPPPPPPSSS
PPPPPPPPPPPPPPPPPPPPPPPPSSSSSSSS
PPPPPPPPPPPPPPPPPPPPPRSSSSSSSSSS
PPPPPPPPPPPPPPPPPPPPPPPPPPPPSSSS
PPPPPPPPPPPPPPPPPPPPPSSSSSSSSSSS
PPPPPPPPPPPPPPPPPPPPPPPPPPPPPPPS
PPPPPPPPPPPPPPPPPPPPPPPPPPPSSSSS
PPPPPPPPPPPPPPPPPPPPPSSSSSSSSSSS
PPPPPPPPPPPPPPPPPPPPPPPPPSSSSSSS
PPPPPPPPPPPPPPPPPPPPPPPPPPPPPPSS
PPPPPPPPPPPPPPPPPPPPPPPPPPPPPSSS
PPPPPPPPPPPPPPPPPPPPPPPPPPPSSSSS
PPPPPPPPPPPPPPPPPPPPPPPPPPSSSSSS
PPPPPPPPPPPPSSSSSSSSSSSSSSSSSSSS
PPPPPPSSSSSSSSSSSSSSSSSSSSSSSSSS
PPPPPPPPPPPPPPPPPPPPPPRSSSSSSSSS
PPPPPPPPPPPPPPPPPPPPPPPPPSSSSSSS
PPPPPPPPPPPPPPPPPPPPSSSSSSSSSSSS
PPPPPPPPPPPPPPPPPPPPPPPPPPSSSSSS
PPPPPPPPPPPPPPPPPPPPPPSSSSSSSSSS
PPPPPPPPPPPPPPPPPPPPPPPPPSSSSSSS
PPPPPPPPPPPPPPPRSSSSSSSSSSSSSSSS
PPPPPPPPPPPPPPPPPPPPPSSSSSSSSSSS
PPPPPPPPPPPPPPPPPPPPPPSSSSSSSSSS
PPPPPPPPPPPPPPPPPSSSSSSSSSSSSSSS
PPPPPPPPPPPPPPPPPPPPPPPPPPPPPPPS
PPPPPPPPPPPPPPPPPPPPPPPPPSSSSSSS
PPPPPPPPPPPPPPPPPPPPPPPPPPPPPPPS
PPPPPPPPPPPPPPPPPPPPPPPPPPPPPPSS
PPPPPPPPPPPPPPPPPPPPPSSSSSSSSSSS
PPPPPPPPPPPPPPPPPPPPPPPPPPPPPRSS
PPPPPPPPPPPPPPPPPPPPPPSSSSSSSSSS
PPPPPPPPPPPPSSSSSSSSSSSSSSSSSSSS
PPPPPPPPPPPPPPPPPPPPPPPPPPPPPPSS
PPPPPPPPPPPPPPPPPPPPPPPPPPPPPPSS
PPPPPPPPPPPPPPPPPPPPPSSSSSSSSSSS
PPPPPPPPPPPPPPPPPPPSSSSSSSSSSSSS
PPPPPPPPPPPPPPPPPPPPPPPPPPPPPSSS
PPPPPPPPPPPPPPPPPPPPPPPPPPPSSSSS
PPPPPPPPPPPPPPPPPPPPPPPSSSSSSSSS
PPPPPPPPPPPPPPPPPPPSSSSSSSSSSSSS
PPPPPPPPPPPPPPPPPPPPPPPPPPPPPPPS
PPPPPPPPPPPPPPPPPPSSSSSSSSSSSSSS
PPPPPPPPPPPPPPPPPPPPPPPPPRSSSSSS
PPPPPPPPPPPPPPPPPPPPPPPPPPPPPPPS
PPPPPPPPPPPPPPPPPPSSSSSSSSSSSSSS
PPPPPPPPPPPPPPPPPPPPPPPPPPPPSSSS
PPPPPPPPPPPPPSSSSSSSSSSSSSSSSSSS
PPPPPPPPPPPPPPPPPPPPPPPPSSSSSSSS
PPPPPPPPPPPPPPPPPPPPSSSSSSSSSSSS
PPPPPPPPPPPPPPPPPPPPPPPPPPPPSSSS
PPPPPPPPPPPPPPPPPPPPPPPSSSSSSSSS
PPPPPPPPPPPPPPPPPPPPPPPPPPPPSSSS
PPPPPPPPPPPPPPPPPPPPPPPPPPPPPPPR
PPPPPPPPPPPPPPPPPPPPPPPPPPPPSSSS
PPPPPPPPPPPPPPPPPPPPPPPPPPPPPPSS
PPPPPPPPPPPPPPPPPPPPPPPPPPPPSSSS
