PPPPPPPPPPPPPPPPPSSSSSSSSSSSSSSS
PPPPPPPPPPPPPPPPPPPPPPPPPSSSSSSS
PPPPPPPPPPPPPPPPPPSSSSSSSSSSSSSS
PPPPPPPPPPPPPPPPPPPPSSSSSSSSSSSS
PPPPPPPPPPPPPPPPPPPPPPSSSSSSSSSS
PPPPPPPPPPPPPPPPPPPPPPPPPPPSSSSS
PPPPPPPPPSSSSSSSSSSSSSSSSSSSSSSS
PPPPPPPPPPPPPPPPPPPPPPPPPSSSSSSS
PPPPPPPPPPPPPPPPPPPPPPPPPPPPPSSS
PPPPPPPPPPPPPPPPPPPPPPPPPPPPPPSS
PPPPPPPPPPPPPPPPPSSSSSSSSSSSSSSS
PPPPPPPPPPPPPPPPPPPPPPPPSSSSSSSS
PPPPPPPPPPPPPPSSSSSSSSSSSSSSSSSS
PPPPPPPPPPPPPPPPSSSSSSSSSSSSSSSS
PPPPPPPPPPPPPPPPPPPPSSSSSSSSSSSS
PPPPPPPPPPPPPPPPPPPPPPPPPPPPPSSS
PPPPPPPPPPPPPPPPPPPPPPPPPPPPPPPS
PPPPPPPPPPPPPPPPPPPPPPPPPPPPSSSS
PPPPPPPPPPPPPPPSSSSSSSSSSSSSSSSS
PPPPPPPPPPPPPPPPPPSSSSSSSSSSSSSS
PPPPPPPPPPPPPSSSSSSSSSSSSSSSSSSS
PPPPPPPPPPPPPPPPPPPPPPPPSSSSSSSS
PPPPPPPPPPPPPPPPPPPPPPPPSSSSSSSS
PPPPPPPPPPPPPPPPPPPPPPPPPSSSSSSS
PPPPPPPPPPPPPPSSSSSSSSSSSSSSSSSS
PPPPPPPPPPPPPPPPPPPPPPPPPPPPSSSS
PPPPPPPPPPPPPPPPPPPPPPPPPSSSSSSS
PPPPPPPPPPPPPPPPPPPPPPPPPSSSSSSS
PPPPPPPPPPPPPPPPPPPPPSSSSSSSSSSS
PPPPPPPSSSSSSSSSSSSSSSSSSSSSSSSS
PPPPPPPPPPPPPPPPPPPPPPPPPPPPPSSS
PPPPPPSSSSSSSSSSSSSSSSSSSSSSSSSS
PPPPPPPPPPSSSSSSSSSSSSSSSSSSSSSS
PPPPPPPPPPPPPPSSSSSSSSSSSSSSSSSS
PPPPPPPPPPPPPPPPPPPPSSSSSSSSSSSS
PPPPPPPPPPPPPPPPPPPPPPPPPPPSSSSS
PPPPPPPPPPPPPPPPPPPPPPPPPPPSSSSS
PPPPPPPPPPPPPPPPSSSSSSSSSSSSSSSS
PPPPPPPPPPPPPPPPPPPPPPPSSSSSSSSS
PPPPPPPPSSSSSSSSSSSSSSSSSSSSSSSS
PPPPPPPPPPPPPPPPPPPPPPPPPPPPPPPS
PPPPPPPPPPPPPSSSSSSSSSSSSSSSSSSS
PPPPPPPPPPPPPPPPPPPPPPPPPPPPPPPS
PPPPPPPPPPPPPPPPPPPPPRSSSSSSSSSS
PPPPPPPPPPPPPPPPPPPPPPPSSSSSSSSS
PPPPPPPPPPPPPPPPPPPPPPPPPPPSSSSS
PPPPPPPPPPPPPPPPPPPPPPPPPPPPPPPP
PPPPPPPPSSSSSSSSSSSSSSSSSSSSSSSS
PPPPPPPPPPPPPPPPPPPPSSSSSSSSSSSS
PPPPPPPPPPPPPPPPPSSSSSSSSSSSSSSS
PPPPPPPPPPSSSSSSSSSSSSSSSSSSSSSS
PPPPPPPPPPPPPPPPPPPPPPPPPSSSSSSS
PPPPPPPPPPPPPPPPPPPPPPPPPPPSSSSS
PPPPPPPPPPPPPPPPPPPPPPPPPPPPPPSS
PPPPPPPPPPPPPPPPPPPPPPPPPPPPPPPS
PPPPPPPPPPPPSSSSSSSSSSSSSSSSSSSS
PPPPPPPPPPPPPPRSSSSSSSSSSSSSSSSS
PPPPPPPPPPPPPSSSSSSSSSSSSSSSSSSS
PPPPPPPPPPPPPPPPPPPPPPSSSSSSSSSS
PPPPPPPPPPPPPPPPPPPPPPPPPPPPPPSS
PPPPPPPPPPPPPPPPPPPPPPPPPPPPPPPS
PPPPPPPPPPPPPPPPPPPPPPPPPPPPPPSS
PPPPPPPPPPPPPPPPPPPPPPPPPPPSSSSS
PPPPPPPPPPPPPPPPPPPPPPPPPPPSSSSS
PPPPPPPPPPPPPPPPPPPPPPPPPPPSSSSS
PPPPPPPPPPPPPPPPPPPPPPPPPPPPPSSS
PPPPPPPPPPPPPPPPPPPPPPPPPPPPPPPS
PPPPPPPPSSSSSSSSSSSSSSSSSSSSSSSS
PPPPPPPPPPPPPPPPPPPPPPPPPPPSSSSS
PPPPPPPPPPPPPPSSSSSSSSSSSSSSSSSS
PPPPPPPPPPPPPPPPPPPPPPPPPPPPPSSS
PPPPPPPPPPPPPPPPPPPPSSSSSSSSSSSS
PPPPPPPPPPPPPPPPPPPSSSSSSSSSSSSS
PPPPPPPPPPPPPPPPPPPPPPPPPPPPPPPS
PPPPPPPPPPPPPPPPPPPPPPPPPPPPPPSS
PPPPPPPPPPPPPPPPPPPPPPPPPPPPPPSS
PPPPPPPPPPPPPPPPPPPPPPPPPPSSSSSS
PPPPPPPPPPPPPPPPSSSSSSSSSSSSSSSS
PPPPPPPPPSSSSSSSSSSSSSSSSSSSSSSS
PPPPPPPPPPPPPPPPPPPPPSSSSSSSSSSS
PPPPPPPPPPPPPPPPPPPPPPPPPPPPSSSS
PPPPPPPPPPPPPPPPPPPPPPPPPPPPSSSS
PPPPPPPPPPPPPPPPPPPPPPPPPSSSSSSS
PPPPPPPPPPSSSSSSSSSSSSSSSSSSSSSS
PPPPPPPPPPPPPPPPPPPPPPPPPPPPPPSS
PPPPPPPPPPPPPPPPPPPPPPPPPSSSSSSS
PPPPPPPPPPPPPPPPPPPPPPPPPPPPPPPS
PPPPPPPPPPPPPPPPPPRSSSSSSSSSSSSS
PPPPPPPPPPPPPPPPSSSSSSSSSSSSSSSS
PPPPPPPPPPPPPPPPPPPPPPPPSSSSSSSS
PPPPPPPPPPPPPPPPPPPPPPPPPPSSSSSS
PPPPPPPPPPPPPPPPPPPPPPPPPPPPPPSS
PPPPPPPPPPPPPPPPPPPPPPPPPPPPPPPS
PPPPPPPPPSSSSSSSSSSSSSSSSSSSSSSS
PPPPPPPPPPPPPPPPPPPPPPPPPPPPPPPS
PPPPPPPPPPPPPPPPPPSSSSSSSSSSSSSS
PPPPPPPPPPPPPPPPPPPPPPPPPPSSSSSS
PPPPPPPPPPPPPPPPPPPPPPPPPPSSSSSS
PPPPPPPPPPPPPPPPPPPPPPPPPPPPSSSS
PPPPPPPPPPPPPPPPPPPPPPPSSSSSSSSS
