xxx.xxx.xxx.xxx.xxx.x
....................x
xxx.xxx.xxx.xxx.xxx.x
.....................
xxx.xxx.xxx.xxx.xxx.x
....................x
xxx.xxx.xxx.xxx.xxx.x

xxx.xxx
.......
xxx.xxx
.......
xxx.xxx
.......
xxx.xxx
.......
xxx.xxx

xxx.xxx.xxx.xxx.xxx.xxx.xxx.x
............................x
xxx.xxx.xxx.xxx.xxx.xxx.xxx.x
.............................
xxx.xxx.xxx.xxx.xxx.xxx.xxx.x
............................x
xxx.xxx.xxx.xxx.xxx.xxx.xxx.x
.............................
xxx.xxx.xxx.xxx.xxx.xxx.xxx.x
............................x
xxx.xxx.xxx.xxx.xxx.xxx.xxx.x
.............................
xxx.xxx.xxx.xxx.xxx.xxx.xxx.x
............................x
xxx.xxx.xxx.xxx.xxx.xxx.xxx.x
.............................
xxx.xxx.xxx.xxx.xxx.xxx.xxx.x
............................x
xxx.xxx.xxx.xxx.xxx.xxx.xxx.x
.............................
xxx.xxx.xxx.xxx.xxx.xxx.xxx.x
............................x
xxx.xxx.xxx.xxx.xxx.xxx.xxx.x
.............................
xxx.xxx.xxx.xxx.xxx.xxx.xxx.x
............................x
xxx.xxx.xxx.xxx.xxx.xxx.xxx.x
.............................
xxx.xxx.xxx.xxx.xxx.xxx.xxx.x
............................x
xxx.xxx.xxx.xxx.xxx.xxx.xxx.x
.............................
xxx.xxx.xxx.xxx.xxx.xxx.xxx.x
............................x
xxx.xxx.xxx.xxx.xxx.xxx.xxx.x

xxx.xxx.xxx.xxx.xxx.xxx.xxx.xxx.xxx.x
....................................x
xxx.xxx.xxx.xxx.xxx.xxx.xxx.xxx.xxx.x
.....................................
xxx.xxx.xxx.xxx.xxx.xxx.xxx.xxx.xxx.x
....................................x
xxx.xxx.xxx.xxx.xxx.xxx.xxx.xxx.xxx.x
.....................................
xxx.xxx.xxx.xxx.xxx.xxx.xxx.xxx.xxx.x
....................................x
xxx.xxx.xxx.xxx.xxx.xxx.xxx.xxx.xxx.x
.....................................
xxx.xxx.xxx.xxx.xxx.xxx.xxx.xxx.xxx.x

xxx.xxx.xxx.xxx.xxx.xxx.xxx.xxx.xxx.x.
....................................x.
xxx.xxx.xxx.xxx.xxx.xxx.xxx.xxx.xxx.x.
......................................
xxx.xxx.xxx.xxx.xxx.xxx.xxx.xxx.xxx.x.
....................................x.
xxx.xxx.xxx.xxx.xxx.xxx.xxx.xxx.xxx.x.
......................................
xxx.xxx.xxx.xxx.xxx.xxx.xxx.xxx.xxx.x.
....................................x.
xxx.xxx.xxx.xxx.xxx.xxx.xxx.xxx.xxx.x.
......................................
xxx.xxx.xxx.xxx.xxx.xxx.xxx.xxx.xxx.x.
....................................x.
xxx.xxx.xxx.xxx.xxx.xxx.xxx.xxx.xxx.x.
......................................
xxx.xxx.xxx.xxx.xxx.xxx.xxx.xxx.xxx.x.
....................................x.
xxx.xxx.xxx.xxx.xxx.xxx.xxx.xxx.xxx.x.
......................................
xxx.xxx.xxx.xxx.xxx.xxx.xxx.xxx.xxx.x.
....................................x.
xxx.xxx.xxx.xxx.xxx.xxx.xxx.xxx.xxx.x.
......................................
xxx.xxx.xxx.xxx.xxx.xxx.xxx.xxx.xxx.x.

xxx.xxx.xxx.xxx.
................
xxx.xxx.xxx.xxx.
................
xxx.xxx.xxx.xxx.
................
xxx.xxx.xxx.xxx.
................
xxx.xxx.xxx.xxx.
................
xxx.xxx.xxx.xxx.
................
xxx.xxx.xxx.xxx.
................
xxx.xxx.xxx.xxx.
................
xxx.xxx.xxx.xxx.
................
xxx.xxx.xxx.xxx.
................
xxx.xxx.xxx.xxx.
................
xxx.xxx.xxx.xxx.
................
xxx.xxx.xxx.xxx.
................
xxx.xxx.xxx.xxx.
................
xxx.xxx.xxx.xxx.
................

xxx.xxx.xxx.xxx.x
................x
xxx.xxx.xxx.xxx.x
.................
xxx.xxx.xxx.xxx.x
................x
xxx.xxx.xxx.xxx.x
.................
xxx.xxx.xxx.xxx.x
................x
xxx.xxx.xxx.xxx.x
.................
xxx.xxx.xxx.xxx.x
................x
xxx.xxx.xxx.xxx.x
.................
xxx.xxx.xxx.xxx.x
................x
xxx.xxx.xxx.xxx.x
.................
xxx.xxx.xxx.xxx.x
................x
xxx.xxx.xxx.xxx.x
.................
xxx.xxx.xxx.xxx.x
................x

xxx.xxx.xxx.xxx.xxx.xxx.xxx.xxx.xxx.x.
....................................x.
xxx.xxx.xxx.xxx.xxx.xxx.xxx.xxx.xxx.x.
......................................
xxx.xxx.xxx.xxx.xxx.xxx.xxx.xxx.xxx.x.
....................................x.
xxx.xxx.xxx.xxx.xxx.xxx.xxx.xxx.xxx.x.
......................................
xxx.xxx.xxx.xxx.xxx.xxx.xxx.xxx.xxx.x.
....................................x.
xxx.xxx.xxx.xxx.xxx.xxx.xxx.xxx.xxx.x.
......................................
xxx.xxx.xxx.xxx.xxx.xxx.xxx.xxx.xxx.x.
....................................x.
xxx.xxx.xxx.xxx.xxx.xxx.xxx.xxx.xxx.x.
......................................
xxx.xxx.xxx.xxx.xxx.xxx.xxx.xxx.xxx.x.
....................................x.
xxx.xxx.xxx.xxx.xxx.xxx.xxx.xxx.xxx.x.
......................................
xxx.xxx.xxx.xxx.xxx.xxx.xxx.xxx.xxx.x.
....................................x.
xxx.xxx.xxx.xxx.xxx.xxx.xxx.xxx.xxx.x.
......................................
xxx.xxx.xxx.xxx.xxx.xxx.xxx.xxx.xxx.x.
....................................x.
xxx.xxx.xxx.xxx.xxx.xxx.xxx.xxx.xxx.x.
......................................
xxx.xxx.xxx.xxx.xxx.xxx.xxx.xxx.xxx.x.
....................................x.
xxx.xxx.xxx.xxx.xxx.xxx.xxx.xxx.xxx.x.
......................................
xxx.xxx.xxx.xxx.xxx.xxx.xxx.xxx.xxx.x.

xxx.xxx.xxx
...........
xxx.xxx.xxx
...........
xxx.xxx.xxx
...........
xxx.xxx.xxx
...........
xxx.xxx.xxx
...........
xxx.xxx.xxx
...........
xxx.xxx.xxx
...........
xxx.xxx.xxx
...........
xxx.xxx.xxx
...........
xxx.xxx.xxx
...........
xxx.xxx.xxx
...........
xxx.xxx.xxx
...........
xxx.xxx.xxx
...........
xxx.xxx.xxx
...........
xxx.xxx.xxx
...........

xxx.xxx.xxx.xxx.xxx.xxx.xxx.xxx.xxx
...................................
xxx.xxx.xxx.xxx.xxx.xxx.xxx.xxx.xxx
...................................
xxx.xxx.xxx.xxx.xxx.xxx.xxx.xxx.xxx

xxx.xxx.xxx.xxx.xxx.x.
....................x.
xxx.xxx.xxx.xxx.xxx.x.
......................
xxx.xxx.xxx.xxx.xxx.x.
....................x.
xxx.xxx.xxx.xxx.xxx.x.
......................

xxx.xxx.xxx.xxx.xxx.xxx.
........................
xxx.xxx.xxx.xxx.xxx.xxx.
........................
xxx.xxx.xxx.xxx.xxx.xxx.
........................
xxx.xxx.xxx.xxx.xxx.xxx.
........................
xxx.xxx.xxx.xxx.xxx.xxx.

xxx.xxx
.......
xxx.xxx
.......
xxx.xxx
.......
xxx.xxx
.......
xxx.xxx
.......
xxx.xxx
.......
xxx.xxx
.......
xxx.xxx
.......
xxx.xxx
.......
xxx.xxx
.......
xxx.xxx
.......
xxx.xxx
.......
xxx.xxx
.......
xxx.xxx
.......
xxx.xxx
.......
xxx.xxx
.......
xxx.xxx

xxx.x
....x
xxx.x
.....
xxx.x
....x
xxx.x
.....
xxx.x
....x
xxx.x
.....
xxx.x
....x
xxx.x
.....
xxx.x
....x
xxx.x
.....
xxx.x
....x
xxx.x
.....
xxx.x
....x
xxx.x
.....
xxx.x
....x
xxx.x
.....
xxx.x
....x
xxx.x
.....
xxx.x
....x

xxx.xxx.xxx.xxx.xxx.xxx.xxx.
............................
xxx.xxx.xxx.xxx.xxx.xxx.xxx.
............................

xxx.xxx.xxx.xxx.
................
xxx.xxx.xxx.xxx.
................
xxx.xxx.xxx.xxx.
................
xxx.xxx.xxx.xxx.
................
xxx.xxx.xxx.xxx.
................
xxx.xxx.xxx.xxx.
................
xxx.xxx.xxx.xxx.
................
xxx.xxx.xxx.xxx.
................
xxx.xxx.xxx.xxx.
................
xxx.xxx.xxx.xxx.
................
xxx.xxx.xxx.xxx.
................
xxx.xxx.xxx.xxx.
................

xxx.xxx.xxx.xxx.xxx.xxx.xxx.xxx.xxx.x.
....................................x.
xxx.xxx.xxx.xxx.xxx.xxx.xxx.xxx.xxx.x.
......................................
xxx.xxx.xxx.xxx.xxx.xxx.xxx.xxx.xxx.x.

xxx.xxx.xxx.xxx.xxx.xxx.xxx.xxx.xxx.x.
....................................x.
xxx.xxx.xxx.xxx.xxx.xxx.xxx.xxx.xxx.x.
......................................
xxx.xxx.xxx.xxx.xxx.xxx.xxx.xxx.xxx.x.
....................................x.
xxx.xxx.xxx.xxx.xxx.xxx.xxx.xxx.xxx.x.
......................................
xxx.xxx.xxx.xxx.xxx.xxx.xxx.xxx.xxx.x.
....................................x.
xxx.xxx.xxx.xxx.xxx.xxx.xxx.xxx.xxx.x.
......................................
xxx.xxx.xxx.xxx.xxx.xxx.xxx.xxx.xxx.x.
....................................x.

xxx.xxx.
........
xxx.xxx.
........
xxx.xxx.
........
xxx.xxx.
........
xxx.xxx.
........
xxx.xxx.
........
xxx.xxx.
........
xxx.xxx.
........
xxx.xxx.
........
xxx.xxx.
........
xxx.xxx.
........
xxx.xxx.
........
xxx.xxx.
........

xxx.xxx.x
........x
xxx.xxx.x
.........
xxx.xxx.x
........x
xxx.xxx.x
.........
xxx.xxx.x
........x
xxx.xxx.x
.........
xxx.xxx.x
........x
xxx.xxx.x
.........
xxx.xxx.x
........x
xxx.xxx.x
.........
xxx.xxx.x
........x
xxx.xxx.x
.........
xxx.xxx.x
........x
xxx.xxx.x
.........
xxx.xxx.x
........x
xxx.xxx.x
.........

xxx.xxx.xxx.xxx.xxx.x
....................x
xxx.xxx.xxx.xxx.xxx.x
.....................
xxx.xxx.xxx.xxx.xxx.x
....................x
xxx.xxx.xxx.xxx.xxx.x
.....................
xxx.xxx.xxx.xxx.xxx.x
....................x
xxx.xxx.xxx.xxx.xxx.x
.....................
xxx.xxx.xxx.xxx.xxx.x
....................x
xxx.xxx.xxx.xxx.xxx.x
.....................

xxx.xxx.xxx.xxx.xxx.xxx.xxx.xxx.xxx.x.
....................................x.
xxx.xxx.xxx.xxx.xxx.xxx.xxx.xxx.xxx.x.
......................................
xxx.xxx.xxx.xxx.xxx.xxx.xxx.xxx.xxx.x.
....................................x.
xxx.xxx.xxx.xxx.xxx.xxx.xxx.xxx.xxx.x.
......................................
xxx.xxx.xxx.xxx.xxx.xxx.xxx.xxx.xxx.x.
....................................x.
xxx.xxx.xxx.xxx.xxx.xxx.xxx.xxx.xxx.x.
......................................
xxx.xxx.xxx.xxx.xxx.xxx.xxx.xxx.xxx.x.
....................................x.
xxx.xxx.xxx.xxx.xxx.xxx.xxx.xxx.xxx.x.
......................................
xxx.xxx.xxx.xxx.xxx.xxx.xxx.xxx.xxx.x.
....................................x.
xxx.xxx.xxx.xxx.xxx.xxx.xxx.xxx.xxx.x.
......................................
xxx.xxx.xxx.xxx.xxx.xxx.xxx.xxx.xxx.x.
....................................x.
xxx.xxx.xxx.xxx.xxx.xxx.xxx.xxx.xxx.x.
......................................
xxx.xxx.xxx.xxx.xxx.xxx.xxx.xxx.xxx.x.
....................................x.
xxx.xxx.xxx.xxx.xxx.xxx.xxx.xxx.xxx.x.
......................................
xxx.xxx.xxx.xxx.xxx.xxx.xxx.xxx.xxx.x.
....................................x.
xxx.xxx.xxx.xxx.xxx.xxx.xxx.xxx.xxx.x.
......................................
xxx.xxx.xxx.xxx.xxx.xxx.xxx.xxx.xxx.x.
....................................x.
xxx.xxx.xxx.xxx.xxx.xxx.xxx.xxx.xxx.x.

xxx.xxx.xxx.xxx.xxx.x.
....................x.
xxx.xxx.xxx.xxx.xxx.x.
......................
xxx.xxx.xxx.xxx.xxx.x.
....................x.
xxx.xxx.xxx.xxx.xxx.x.
......................
xxx.xxx.xxx.xxx.xxx.x.
....................x.
xxx.xxx.xxx.xxx.xxx.x.
......................
xxx.xxx.xxx.xxx.xxx.x.
....................x.
xxx.xxx.xxx.xxx.xxx.x.
......................
xxx.xxx.xxx.xxx.xxx.x.
....................x.
xxx.xxx.xxx.xxx.xxx.x.
......................
xxx.xxx.xxx.xxx.xxx.x.
....................x.
xxx.xxx.xxx.xxx.xxx.x.
......................
xxx.xxx.xxx.xxx.xxx.x.
....................x.
xxx.xxx.xxx.xxx.xxx.x.
......................
xxx.xxx.xxx.xxx.xxx.x.
....................x.
xxx.xxx.xxx.xxx.xxx.x.
......................
xxx.xxx.xxx.xxx.xxx.x.
....................x.
xxx.xxx.xxx.xxx.xxx.x.

xxx.xxx.xxx.xxx.xxx.xxx.xxx.x.
............................x.
xxx.xxx.xxx.xxx.xxx.xxx.xxx.x.
..............................
xxx.xxx.xxx.xxx.xxx.xxx.xxx.x.
............................x.
xxx.xxx.xxx.xxx.xxx.xxx.xxx.x.
..............................
xxx.xxx.xxx.xxx.xxx.xxx.xxx.x.
............................x.
xxx.xxx.xxx.xxx.xxx.xxx.xxx.x.
..............................
xxx.xxx.xxx.xxx.xxx.xxx.xxx.x.
............................x.
xxx.xxx.xxx.xxx.xxx.xxx.xxx.x.
..............................
xxx.xxx.xxx.xxx.xxx.xxx.xxx.x.
............................x.

xxx.xxx.xxx.xxx.xxx.
....................
xxx.xxx.xxx.xxx.xxx.
....................
xxx.xxx.xxx.xxx.xxx.
....................
xxx.xxx.xxx.xxx.xxx.
....................
xxx.xxx.xxx.xxx.xxx.
....................
xxx.xxx.xxx.xxx.xxx.
....................
xxx.xxx.xxx.xxx.xxx.

xxx.x
....x
xxx.x
.....
xxx.x
....x
xxx.x
.....
xxx.x
....x
xxx.x
.....
xxx.x
....x
xxx.x
.....
xxx.x
....x
xxx.x
.....
xxx.x
....x
xxx.x
.....
xxx.x
....x
xxx.x
.....
xxx.x
....x
xxx.x

xxx.xxx.x.
........x.
xxx.xxx.x.
..........
xxx.xxx.x.
........x.
xxx.xxx.x.
..........
xxx.xxx.x.
........x.
xxx.xxx.x.
..........
xxx.xxx.x.
........x.
xxx.xxx.x.
..........
xxx.xxx.x.
........x.
xxx.xxx.x.
..........
xxx.xxx.x.
........x.
xxx.xxx.x.
..........
xxx.xxx.x.
........x.
xxx.xxx.x.
..........

xxx.xxx.xxx.xxx
...............
xxx.xxx.xxx.xxx
...............
xxx.xxx.xxx.xxx
...............
xxx.xxx.xxx.xxx
...............
xxx.xxx.xxx.xxx
...............
xxx.xxx.xxx.xxx
...............
xxx.xxx.xxx.xxx
...............
xxx.xxx.xxx.xxx
...............
xxx.xxx.xxx.xxx
...............
xxx.xxx.xxx.xxx
...............
xxx.xxx.xxx.xxx
...............
xxx.xxx.xxx.xxx

xxx.x.
....x.
xxx.x.
......
xxx.x.
....x.
xxx.x.
......
xxx.x.

xxx.xxx.
........
xxx.xxx.
........
xxx.xxx.
........
xxx.xxx.
........
xxx.xxx.
........
xxx.xxx.
........
xxx.xxx.
........
xxx.xxx.
........
xxx.xxx.
........
xxx.xxx.
........
xxx.xxx.
........
xxx.xxx.
........
xxx.xxx.
........
xxx.xxx.
........
xxx.xxx.
........
xxx.xxx.
........
xxx.xxx.

xxx.xxx.xxx.xxx.xxx.x.
....................x.
xxx.xxx.xxx.xxx.xxx.x.
......................
xxx.xxx.xxx.xxx.xxx.x.
....................x.
xxx.xxx.xxx.xxx.xxx.x.
......................
xxx.xxx.xxx.xxx.xxx.x.
....................x.
xxx.xxx.xxx.xxx.xxx.x.
......................
xxx.xxx.xxx.xxx.xxx.x.
....................x.
xxx.xxx.xxx.xxx.xxx.x.
......................
xxx.xxx.xxx.xxx.xxx.x.
....................x.
xxx.xxx.xxx.xxx.xxx.x.
......................
xxx.xxx.xxx.xxx.xxx.x.
....................x.
xxx.xxx.xxx.xxx.xxx.x.
......................
xxx.xxx.xxx.xxx.xxx.x.
....................x.
xxx.xxx.xxx.xxx.xxx.x.
......................

xxx.xxx.xxx.
............
xxx.xxx.xxx.
............
xxx.xxx.xxx.
............
xxx.xxx.xxx.
............
xxx.xxx.xxx.
............
xxx.xxx.xxx.
............
xxx.xxx.xxx.
............
xxx.xxx.xxx.
............
xxx.xxx.xxx.
............
xxx.xxx.xxx.
............
xxx.xxx.xxx.
............
xxx.xxx.xxx.
............
xxx.xxx.xxx.
............
xxx.xxx.xxx.
............
xxx.xxx.xxx.
............
xxx.xxx.xxx.
............
xxx.xxx.xxx.
............
xxx.xxx.xxx.
............

xxx.xxx.xxx.xxx.xxx.xxx.xxx.xxx.xxx
...................................
xxx.xxx.xxx.xxx.xxx.xxx.xxx.xxx.xxx
...................................
xxx.xxx.xxx.xxx.xxx.xxx.xxx.xxx.xxx
...................................
xxx.xxx.xxx.xxx.xxx.xxx.xxx.xxx.xxx
...................................
xxx.xxx.xxx.xxx.xxx.xxx.xxx.xxx.xxx
...................................
xxx.xxx.xxx.xxx.xxx.xxx.xxx.xxx.xxx
...................................
xxx.xxx.xxx.xxx.xxx.xxx.xxx.xxx.xxx

xxx.xxx
.......
xxx.xxx
.......

xxx.xxx.xxx.xxx.x.
................x.
xxx.xxx.xxx.xxx.x.
..................
xxx.xxx.xxx.xxx.x.
................x.
xxx.xxx.xxx.xxx.x.
..................
xxx.xxx.xxx.xxx.x.
................x.
xxx.xxx.xxx.xxx.x.
..................
xxx.xxx.xxx.xxx.x.
................x.
xxx.xxx.xxx.xxx.x.
..................
xxx.xxx.xxx.xxx.x.
................x.
xxx.xxx.xxx.xxx.x.
..................
xxx.xxx.xxx.xxx.x.
................x.
xxx.xxx.xxx.xxx.x.
..................
xxx.xxx.xxx.xxx.x.
................x.
xxx.xxx.xxx.xxx.x.
..................
xxx.xxx.xxx.xxx.x.
................x.
xxx.xxx.xxx.xxx.x.
..................
xxx.xxx.xxx.xxx.x.
................x.
xxx.xxx.xxx.xxx.x.

xxx.x.
....x.
xxx.x.
......
xxx.x.
....x.
xxx.x.
......
xxx.x.
....x.
xxx.x.
......
xxx.x.
....x.
xxx.x.
......
xxx.x.
....x.
xxx.x.
......

xxx.xxx.xxx.
............
xxx.xxx.xxx.
............
xxx.xxx.xxx.
............
xxx.xxx.xxx.
............
xxx.xxx.xxx.
............
xxx.xxx.xxx.
............
xxx.xxx.xxx.
............
xxx.xxx.xxx.
............
xxx.xxx.xxx.
............
xxx.xxx.xxx.
............
xxx.xxx.xxx.
............
xxx.xxx.xxx.
............
xxx.xxx.xxx.
............
xxx.xxx.xxx.
............
xxx.xxx.xxx.
............

xxx.xxx.xxx.x.
............x.
xxx.xxx.xxx.x.
..............
xxx.xxx.xxx.x.
............x.
xxx.xxx.xxx.x.
..............
xxx.xxx.xxx.x.
............x.

xxx.xxx.xxx.xxx.xxx.xxx.xxx.xxx.x.
................................x.
xxx.xxx.xxx.xxx.xxx.xxx.xxx.xxx.x.
..................................
xxx.xxx.xxx.xxx.xxx.xxx.xxx.xxx.x.
................................x.
xxx.xxx.xxx.xxx.xxx.xxx.xxx.xxx.x.
..................................
xxx.xxx.xxx.xxx.xxx.xxx.xxx.xxx.x.
................................x.
xxx.xxx.xxx.xxx.xxx.xxx.xxx.xxx.x.
..................................
xxx.xxx.xxx.xxx.xxx.xxx.xxx.xxx.x.
................................x.
xxx.xxx.xxx.xxx.xxx.xxx.xxx.xxx.x.
..................................
xxx.xxx.xxx.xxx.xxx.xxx.xxx.xxx.x.
................................x.
xxx.xxx.xxx.xxx.xxx.xxx.xxx.xxx.x.
..................................
xxx.xxx.xxx.xxx.xxx.xxx.xxx.xxx.x.
................................x.
xxx.xxx.xxx.xxx.xxx.xxx.xxx.xxx.x.
..................................
xxx.xxx.xxx.xxx.xxx.xxx.xxx.xxx.x.
................................x.
xxx.xxx.xxx.xxx.xxx.xxx.xxx.xxx.x.
..................................
xxx.xxx.xxx.xxx.xxx.xxx.xxx.xxx.x.
................................x.
xxx.xxx.xxx.xxx.xxx.xxx.xxx.xxx.x.
..................................
xxx.xxx.xxx.xxx.xxx.xxx.xxx.xxx.x.

xxx.xxx.xxx.xxx.xxx.xxx.
........................
xxx.xxx.xxx.xxx.xxx.xxx.
........................
xxx.xxx.xxx.xxx.xxx.xxx.
........................
xxx.xxx.xxx.xxx.xxx.xxx.
........................
xxx.xxx.xxx.xxx.xxx.xxx.
........................
xxx.xxx.xxx.xxx.xxx.xxx.
........................
xxx.xxx.xxx.xxx.xxx.xxx.
........................
xxx.xxx.xxx.xxx.xxx.xxx.
........................
xxx.xxx.xxx.xxx.xxx.xxx.
........................
xxx.xxx.xxx.xxx.xxx.xxx.
........................
xxx.xxx.xxx.xxx.xxx.xxx.
........................
xxx.xxx.xxx.xxx.xxx.xxx.
........................
xxx.xxx.xxx.xxx.xxx.xxx.
........................
xxx.xxx.xxx.xxx.xxx.xxx.
........................
xxx.xxx.xxx.xxx.xxx.xxx.
........................
xxx.xxx.xxx.xxx.xxx.xxx.
........................
xxx.xxx.xxx.xxx.xxx.xxx.
........................

xxx.xxx.xxx.xxx.xxx.xxx.xxx.x.
............................x.
xxx.xxx.xxx.xxx.xxx.xxx.xxx.x.
..............................
xxx.xxx.xxx.xxx.xxx.xxx.xxx.x.
............................x.
xxx.xxx.xxx.xxx.xxx.xxx.xxx.x.
..............................
xxx.xxx.xxx.xxx.xxx.xxx.xxx.x.
............................x.
xxx.xxx.xxx.xxx.xxx.xxx.xxx.x.
..............................
xxx.xxx.xxx.xxx.xxx.xxx.xxx.x.
............................x.
xxx.xxx.xxx.xxx.xxx.xxx.xxx.x.
..............................
xxx.xxx.xxx.xxx.xxx.xxx.xxx.x.
............................x.
xxx.xxx.xxx.xxx.xxx.xxx.xxx.x.
..............................
xxx.xxx.xxx.xxx.xxx.xxx.xxx.x.
............................x.
xxx.xxx.xxx.xxx.xxx.xxx.xxx.x.
..............................
xxx.xxx.xxx.xxx.xxx.xxx.xxx.x.
............................x.
xxx.xxx.xxx.xxx.xxx.xxx.xxx.x.
..............................
xxx.xxx.xxx.xxx.xxx.xxx.xxx.x.
............................x.
xxx.xxx.xxx.xxx.xxx.xxx.xxx.x.

xxx.xxx.xxx.xxx.x.
................x.
xxx.xxx.xxx.xxx.x.
..................
xxx.xxx.xxx.xxx.x.
................x.
xxx.xxx.xxx.xxx.x.
..................
xxx.xxx.xxx.xxx.x.
................x.
xxx.xxx.xxx.xxx.x.
..................
xxx.xxx.xxx.xxx.x.
................x.
xxx.xxx.xxx.xxx.x.
..................
xxx.xxx.xxx.xxx.x.
................x.

xxx.xxx.xxx.xxx.xxx.xxx.xxx.xxx.xxx.x
....................................x
xxx.xxx.xxx.xxx.xxx.xxx.xxx.xxx.xxx.x
.....................................
xxx.xxx.xxx.xxx.xxx.xxx.xxx.xxx.xxx.x
....................................x
xxx.xxx.xxx.xxx.xxx.xxx.xxx.xxx.xxx.x
.....................................
xxx.xxx.xxx.xxx.xxx.xxx.xxx.xxx.xxx.x
....................................x
xxx.xxx.xxx.xxx.xxx.xxx.xxx.xxx.xxx.x
.....................................
xxx.xxx.xxx.xxx.xxx.xxx.xxx.xxx.xxx.x
....................................x
xxx.xxx.xxx.xxx.xxx.xxx.xxx.xxx.xxx.x
.....................................
xxx.xxx.xxx.xxx.xxx.xxx.xxx.xxx.xxx.x

xxx.xxx.xxx.xxx.xxx
...................
xxx.xxx.xxx.xxx.xxx
...................
xxx.xxx.xxx.xxx.xxx
...................
xxx.xxx.xxx.xxx.xxx
...................
xxx.xxx.xxx.xxx.xxx
...................
xxx.xxx.xxx.xxx.xxx
...................
xxx.xxx.xxx.xxx.xxx
...................
xxx.xxx.xxx.xxx.xxx
...................
xxx.xxx.xxx.xxx.xxx
...................
xxx.xxx.xxx.xxx.xxx
...................
xxx.xxx.xxx.xxx.xxx
...................
xxx.xxx.xxx.xxx.xxx
...................
xxx.xxx.xxx.xxx.xxx
...................

xxx.xxx.xxx.xxx.xxx.xxx.xxx.xxx.xxx.x.
....................................x.
xxx.xxx.xxx.xxx.xxx.xxx.xxx.xxx.xxx.x.
......................................

xxx.xxx.xxx.x
............x
xxx.xxx.xxx.x
.............
xxx.xxx.xxx.x
............x
xxx.xxx.xxx.x
.............
xxx.xxx.xxx.x
............x
xxx.xxx.xxx.x
.............
xxx.xxx.xxx.x
............x
xxx.xxx.xxx.x
.............
xxx.xxx.xxx.x
............x
xxx.xxx.xxx.x
.............
xxx.xxx.xxx.x
............x
xxx.xxx.xxx.x
.............
xxx.xxx.xxx.x
............x
xxx.xxx.xxx.x
.............
xxx.xxx.xxx.x
............x
xxx.xxx.xxx.x
.............

xxx.xxx.xxx.xxx.xxx.xxx.x
........................x
xxx.xxx.xxx.xxx.xxx.xxx.x
.........................
xxx.xxx.xxx.xxx.xxx.xxx.x
........................x
xxx.xxx.xxx.xxx.xxx.xxx.x

xxx.xxx.xxx.xxx.x
................x
xxx.xxx.xxx.xxx.x
.................
xxx.xxx.xxx.xxx.x
................x
xxx.xxx.xxx.xxx.x
.................
xxx.xxx.xxx.xxx.x
................x
xxx.xxx.xxx.xxx.x
.................
xxx.xxx.xxx.xxx.x
................x
xxx.xxx.xxx.xxx.x
.................
xxx.xxx.xxx.xxx.x
................x
xxx.xxx.xxx.xxx.x
.................
xxx.xxx.xxx.xxx.x
................x
xxx.xxx.xxx.xxx.x
.................
xxx.xxx.xxx.xxx.x
................x
xxx.xxx.xxx.xxx.x
.................
xxx.xxx.xxx.xxx.x
................x
xxx.xxx.xxx.xxx.x
.................

xxx.xxx.xxx.xxx.xxx.x.
....................x.
xxx.xxx.xxx.xxx.xxx.x.
......................

xxx.xxx.xxx.xxx.xxx.xxx.xxx.xxx.x
................................x
xxx.xxx.xxx.xxx.xxx.xxx.xxx.xxx.x
.................................
xxx.xxx.xxx.xxx.xxx.xxx.xxx.xxx.x
................................x
xxx.xxx.xxx.xxx.xxx.xxx.xxx.xxx.x
.................................
xxx.xxx.xxx.xxx.xxx.xxx.xxx.xxx.x
................................x
xxx.xxx.xxx.xxx.xxx.xxx.xxx.xxx.x
.................................
xxx.xxx.xxx.xxx.xxx.xxx.xxx.xxx.x
................................x
xxx.xxx.xxx.xxx.xxx.xxx.xxx.xxx.x
.................................
xxx.xxx.xxx.xxx.xxx.xxx.xxx.xxx.x
................................x
xxx.xxx.xxx.xxx.xxx.xxx.xxx.xxx.x

xxx.xxx.xxx.xxx.xxx.xxx.xxx.xxx.x
................................x
xxx.xxx.xxx.xxx.xxx.xxx.xxx.xxx.x
.................................
xxx.xxx.xxx.xxx.xxx.xxx.xxx.xxx.x
................................x
xxx.xxx.xxx.xxx.xxx.xxx.xxx.xxx.x
.................................
xxx.xxx.xxx.xxx.xxx.xxx.xxx.xxx.x
................................x
xxx.xxx.xxx.xxx.xxx.xxx.xxx.xxx.x
.................................
xxx.xxx.xxx.xxx.xxx.xxx.xxx.xxx.x
................................x
xxx.xxx.xxx.xxx.xxx.xxx.xxx.xxx.x
.................................
xxx.xxx.xxx.xxx.xxx.xxx.xxx.xxx.x
................................x
xxx.xxx.xxx.xxx.xxx.xxx.xxx.xxx.x
.................................
xxx.xxx.xxx.xxx.xxx.xxx.xxx.xxx.x
................................x
xxx.xxx.xxx.xxx.xxx.xxx.xxx.xxx.x
.................................
xxx.xxx.xxx.xxx.xxx.xxx.xxx.xxx.x
................................x
xxx.xxx.xxx.xxx.xxx.xxx.xxx.xxx.x
.................................
xxx.xxx.xxx.xxx.xxx.xxx.xxx.xxx.x
................................x
xxx.xxx.xxx.xxx.xxx.xxx.xxx.xxx.x
.................................
xxx.xxx.xxx.xxx.xxx.xxx.xxx.xxx.x
................................x
xxx.xxx.xxx.xxx.xxx.xxx.xxx.xxx.x

xxx.xxx.xxx.xxx.xxx.xxx.xxx.xxx.x.
................................x.
xxx.xxx.xxx.xxx.xxx.xxx.xxx.xxx.x.
..................................
xxx.xxx.xxx.xxx.xxx.xxx.xxx.xxx.x.
................................x.
xxx.xxx.xxx.xxx.xxx.xxx.xxx.xxx.x.
..................................
xxx.xxx.xxx.xxx.xxx.xxx.xxx.xxx.x.
................................x.
xxx.xxx.xxx.xxx.xxx.xxx.xxx.xxx.x.
..................................
xxx.xxx.xxx.xxx.xxx.xxx.xxx.xxx.x.
................................x.
xxx.xxx.xxx.xxx.xxx.xxx.xxx.xxx.x.
..................................
xxx.xxx.xxx.xxx.xxx.xxx.xxx.xxx.x.
................................x.
xxx.xxx.xxx.xxx.xxx.xxx.xxx.xxx.x.

xxx.xxx.xxx.xxx.xxx.xxx.xxx.x
............................x
xxx.xxx.xxx.xxx.xxx.xxx.xxx.x
.............................
xxx.xxx.xxx.xxx.xxx.xxx.xxx.x
............................x
xxx.xxx.xxx.xxx.xxx.xxx.xxx.x
.............................
xxx.xxx.xxx.xxx.xxx.xxx.xxx.x
............................x
xxx.xxx.xxx.xxx.xxx.xxx.xxx.x
.............................
xxx.xxx.xxx.xxx.xxx.xxx.xxx.x
............................x
xxx.xxx.xxx.xxx.xxx.xxx.xxx.x
.............................
xxx.xxx.xxx.xxx.xxx.xxx.xxx.x
............................x
xxx.xxx.xxx.xxx.xxx.xxx.xxx.x
.............................
xxx.xxx.xxx.xxx.xxx.xxx.xxx.x
............................x
xxx.xxx.xxx.xxx.xxx.xxx.xxx.x
.............................
xxx.xxx.xxx.xxx.xxx.xxx.xxx.x
............................x
xxx.xxx.xxx.xxx.xxx.xxx.xxx.x
.............................
xxx.xxx.xxx.xxx.xxx.xxx.xxx.x
............................x
xxx.xxx.xxx.xxx.xxx.xxx.xxx.x
.............................

xxx.xxx.xxx.xxx.x.
................x.
xxx.xxx.xxx.xxx.x.
..................

xxx.xxx.xxx.xxx.xxx.xxx.xxx.
............................
xxx.xxx.xxx.xxx.xxx.xxx.xxx.
............................
xxx.xxx.xxx.xxx.xxx.xxx.xxx.
............................
xxx.xxx.xxx.xxx.xxx.xxx.xxx.
............................
xxx.xxx.xxx.xxx.xxx.xxx.xxx.
............................
xxx.xxx.xxx.xxx.xxx.xxx.xxx.
............................
xxx.xxx.xxx.xxx.xxx.xxx.xxx.
............................
xxx.xxx.xxx.xxx.xxx.xxx.xxx.
............................
xxx.xxx.xxx.xxx.xxx.xxx.xxx.
............................
xxx.xxx.xxx.xxx.xxx.xxx.xxx.
............................
xxx.xxx.xxx.xxx.xxx.xxx.xxx.
............................
xxx.xxx.xxx.xxx.xxx.xxx.xxx.
............................
xxx.xxx.xxx.xxx.xxx.xxx.xxx.
............................
xxx.xxx.xxx.xxx.xxx.xxx.xxx.

xxx.
....
xxx.
....
xxx.
....
xxx.
....
xxx.
....

xxx.xxx.xxx.xxx.xxx.xxx.xxx.xxx.xxx.x
....................................x
xxx.xxx.xxx.xxx.xxx.xxx.xxx.xxx.xxx.x
.....................................
xxx.xxx.xxx.xxx.xxx.xxx.xxx.xxx.xxx.x
....................................x
xxx.xxx.xxx.xxx.xxx.xxx.xxx.xxx.xxx.x
.....................................
xxx.xxx.xxx.xxx.xxx.xxx.xxx.xxx.xxx.x
....................................x
xxx.xxx.xxx.xxx.xxx.xxx.xxx.xxx.xxx.x
.....................................
xxx.xxx.xxx.xxx.xxx.xxx.xxx.xxx.xxx.x
....................................x
xxx.xxx.xxx.xxx.xxx.xxx.xxx.xxx.xxx.x
.....................................
xxx.xxx.xxx.xxx.xxx.xxx.xxx.xxx.xxx.x
....................................x
xxx.xxx.xxx.xxx.xxx.xxx.xxx.xxx.xxx.x
.....................................
xxx.xxx.xxx.xxx.xxx.xxx.xxx.xxx.xxx.x
....................................x
xxx.xxx.xxx.xxx.xxx.xxx.xxx.xxx.xxx.x
.....................................
xxx.xxx.xxx.xxx.xxx.xxx.xxx.xxx.xxx.x
....................................x
xxx.xxx.xxx.xxx.xxx.xxx.xxx.xxx.xxx.x
.....................................
xxx.xxx.xxx.xxx.xxx.xxx.xxx.xxx.xxx.x
....................................x
xxx.xxx.xxx.xxx.xxx.xxx.xxx.xxx.xxx.x
.....................................
xxx.xxx.xxx.xxx.xxx.xxx.xxx.xxx.xxx.x
....................................x
xxx.xxx.xxx.xxx.xxx.xxx.xxx.xxx.xxx.x
.....................................
xxx.xxx.xxx.xxx.xxx.xxx.xxx.xxx.xxx.x
....................................x

xxx.x
....x
xxx.x
.....
xxx.x
....x

xxx.xxx.xxx.xxx.xxx.xxx.xxx.xxx.
................................
xxx.xxx.xxx.xxx.xxx.xxx.xxx.xxx.
................................
xxx.xxx.xxx.xxx.xxx.xxx.xxx.xxx.
................................
xxx.xxx.xxx.xxx.xxx.xxx.xxx.xxx.
................................
xxx.xxx.xxx.xxx.xxx.xxx.xxx.xxx.
................................

xxx.
....
xxx.
....
xxx.
....
xxx.
....

xxx.xxx.xxx.xxx.xxx.xxx.xxx.xxx
...............................
xxx.xxx.xxx.xxx.xxx.xxx.xxx.xxx
...............................
xxx.xxx.xxx.xxx.xxx.xxx.xxx.xxx
...............................
xxx.xxx.xxx.xxx.xxx.xxx.xxx.xxx
...............................
xxx.xxx.xxx.xxx.xxx.xxx.xxx.xxx
...............................
xxx.xxx.xxx.xxx.xxx.xxx.xxx.xxx
...............................
xxx.xxx.xxx.xxx.xxx.xxx.xxx.xxx
...............................
xxx.xxx.xxx.xxx.xxx.xxx.xxx.xxx
...............................
xxx.xxx.xxx.xxx.xxx.xxx.xxx.xxx
...............................
xxx.xxx.xxx.xxx.xxx.xxx.xxx.xxx
...............................
xxx.xxx.xxx.xxx.xxx.xxx.xxx.xxx
...............................
xxx.xxx.xxx.xxx.xxx.xxx.xxx.xxx
...............................
xxx.xxx.xxx.xxx.xxx.xxx.xxx.xxx
...............................
xxx.xxx.xxx.xxx.xxx.xxx.xxx.xxx

xxx.xxx.xxx.xxx.xxx.xxx.xxx.xxx.xxx.x
....................................x
xxx.xxx.xxx.xxx.xxx.xxx.xxx.xxx.xxx.x
.....................................
xxx.xxx.xxx.xxx.xxx.xxx.xxx.xxx.xxx.x
....................................x
xxx.xxx.xxx.xxx.xxx.xxx.xxx.xxx.xxx.x
.....................................
xxx.xxx.xxx.xxx.xxx.xxx.xxx.xxx.xxx.x
....................................x
xxx.xxx.xxx.xxx.xxx.xxx.xxx.xxx.xxx.x
.....................................
xxx.xxx.xxx.xxx.xxx.xxx.xxx.xxx.xxx.x

xxx.xxx.xxx.xxx.xxx.x.
....................x.
xxx.xxx.xxx.xxx.xxx.x.
......................
xxx.xxx.xxx.xxx.xxx.x.

xxx.
....
xxx.
....
xxx.
....
xxx.
....
xxx.
....
xxx.
....
xxx.
....
xxx.
....
xxx.
....
xxx.
....
xxx.
....
xxx.
....
xxx.
....

xxx.xxx.xxx.xxx.xxx.xxx.xxx.x.
............................x.
xxx.xxx.xxx.xxx.xxx.xxx.xxx.x.
..............................
xxx.xxx.xxx.xxx.xxx.xxx.xxx.x.
............................x.
xxx.xxx.xxx.xxx.xxx.xxx.xxx.x.
..............................
xxx.xxx.xxx.xxx.xxx.xxx.xxx.x.
............................x.
xxx.xxx.xxx.xxx.xxx.xxx.xxx.x.
..............................
xxx.xxx.xxx.xxx.xxx.xxx.xxx.x.
............................x.
xxx.xxx.xxx.xxx.xxx.xxx.xxx.x.
..............................
xxx.xxx.xxx.xxx.xxx.xxx.xxx.x.
............................x.
xxx.xxx.xxx.xxx.xxx.xxx.xxx.x.
..............................
xxx.xxx.xxx.xxx.xxx.xxx.xxx.x.
............................x.
xxx.xxx.xxx.xxx.xxx.xxx.xxx.x.
..............................
xxx.xxx.xxx.xxx.xxx.xxx.xxx.x.
............................x.
xxx.xxx.xxx.xxx.xxx.xxx.xxx.x.
..............................
xxx.xxx.xxx.xxx.xxx.xxx.xxx.x.
............................x.
xxx.xxx.xxx.xxx.xxx.xxx.xxx.x.
..............................
xxx.xxx.xxx.xxx.xxx.xxx.xxx.x.

xxx.xxx.xxx.x
............x
xxx.xxx.xxx.x
.............
xxx.xxx.xxx.x
............x
xxx.xxx.xxx.x
.............
xxx.xxx.xxx.x
............x
xxx.xxx.xxx.x
.............
xxx.xxx.xxx.x
............x
xxx.xxx.xxx.x
.............
xxx.xxx.xxx.x
............x
xxx.xxx.xxx.x
.............
xxx.xxx.xxx.x
............x
xxx.xxx.xxx.x
.............

xxx.xxx.xxx.xxx.xxx.xxx.x
........................x
xxx.xxx.xxx.xxx.xxx.xxx.x
.........................
xxx.xxx.xxx.xxx.xxx.xxx.x
........................x
xxx.xxx.xxx.xxx.xxx.xxx.x
.........................
xxx.xxx.xxx.xxx.xxx.xxx.x
........................x
xxx.xxx.xxx.xxx.xxx.xxx.x
.........................
xxx.xxx.xxx.xxx.xxx.xxx.x
........................x
xxx.xxx.xxx.xxx.xxx.xxx.x
.........................
xxx.xxx.xxx.xxx.xxx.xxx.x
........................x
xxx.xxx.xxx.xxx.xxx.xxx.x
.........................
xxx.xxx.xxx.xxx.xxx.xxx.x
........................x
xxx.xxx.xxx.xxx.xxx.xxx.x
.........................
xxx.xxx.xxx.xxx.xxx.xxx.x
........................x

xxx.xxx.xxx.xxx.xxx
...................
xxx.xxx.xxx.xxx.xxx
...................
xxx.xxx.xxx.xxx.xxx
...................
xxx.xxx.xxx.xxx.xxx
...................

xxx.xxx.xxx.xxx.xxx.xxx.x
........................x
xxx.xxx.xxx.xxx.xxx.xxx.x
.........................
xxx.xxx.xxx.xxx.xxx.xxx.x
........................x
xxx.xxx.xxx.xxx.xxx.xxx.x
.........................

xxx.xxx.xxx.xxx.xxx.xxx.xxx.xxx.
................................
xxx.xxx.xxx.xxx.xxx.xxx.xxx.xxx.
................................
xxx.xxx.xxx.xxx.xxx.xxx.xxx.xxx.
................................
xxx.xxx.xxx.xxx.xxx.xxx.xxx.xxx.
................................
xxx.xxx.xxx.xxx.xxx.xxx.xxx.xxx.
................................
xxx.xxx.xxx.xxx.xxx.xxx.xxx.xxx.
................................
xxx.xxx.xxx.xxx.xxx.xxx.xxx.xxx.
................................
xxx.xxx.xxx.xxx.xxx.xxx.xxx.xxx.
................................
xxx.xxx.xxx.xxx.xxx.xxx.xxx.xxx.
................................
xxx.xxx.xxx.xxx.xxx.xxx.xxx.xxx.
................................

xxx.xxx.xxx.xxx.xxx.x
....................x
xxx.xxx.xxx.xxx.xxx.x
.....................
xxx.xxx.xxx.xxx.xxx.x
....................x
xxx.xxx.xxx.xxx.xxx.x
.....................
xxx.xxx.xxx.xxx.xxx.x
....................x
xxx.xxx.xxx.xxx.xxx.x
.....................
xxx.xxx.xxx.xxx.xxx.x
....................x
xxx.xxx.xxx.xxx.xxx.x
.....................
xxx.xxx.xxx.xxx.xxx.x
....................x
xxx.xxx.xxx.xxx.xxx.x
.....................
xxx.xxx.xxx.xxx.xxx.x
....................x
xxx.xxx.xxx.xxx.xxx.x
.....................
xxx.xxx.xxx.xxx.xxx.x
....................x
xxx.xxx.xxx.xxx.xxx.x
.....................
xxx.xxx.xxx.xxx.xxx.x
....................x
xxx.xxx.xxx.xxx.xxx.x
.....................
xxx.xxx.xxx.xxx.xxx.x
....................x

xxx.xxx.xxx.xxx.xxx.xxx.xxx.
............................
xxx.xxx.xxx.xxx.xxx.xxx.xxx.
............................
xxx.xxx.xxx.xxx.xxx.xxx.xxx.
............................
xxx.xxx.xxx.xxx.xxx.xxx.xxx.
............................
xxx.xxx.xxx.xxx.xxx.xxx.xxx.
............................
xxx.xxx.xxx.xxx.xxx.xxx.xxx.
............................
xxx.xxx.xxx.xxx.xxx.xxx.xxx.
............................
xxx.xxx.xxx.xxx.xxx.xxx.xxx.
............................
xxx.xxx.xxx.xxx.xxx.xxx.xxx.
............................
xxx.xxx.xxx.xxx.xxx.xxx.xxx.
............................
xxx.xxx.xxx.xxx.xxx.xxx.xxx.
............................
xxx.xxx.xxx.xxx.xxx.xxx.xxx.
............................
xxx.xxx.xxx.xxx.xxx.xxx.xxx.
............................
xxx.xxx.xxx.xxx.xxx.xxx.xxx.
............................
xxx.xxx.xxx.xxx.xxx.xxx.xxx.
............................
xxx.xxx.xxx.xxx.xxx.xxx.xxx.
............................
xxx.xxx.xxx.xxx.xxx.xxx.xxx.
............................
xxx.xxx.xxx.xxx.xxx.xxx.xxx.

xxx.xxx.xxx.x
............x
xxx.xxx.xxx.x
.............
xxx.xxx.xxx.x
............x
xxx.xxx.xxx.x
.............
xxx.xxx.xxx.x
............x
xxx.xxx.xxx.x
.............
xxx.xxx.xxx.x
............x
xxx.xxx.xxx.x
.............
xxx.xxx.xxx.x
............x
xxx.xxx.xxx.x
.............
xxx.xxx.xxx.x
............x
xxx.xxx.xxx.x
.............
xxx.xxx.xxx.x
............x
xxx.xxx.xxx.x
.............
xxx.xxx.xxx.x
............x
xxx.xxx.xxx.x
.............
xxx.xxx.xxx.x
............x
xxx.xxx.xxx.x
.............
xxx.xxx.xxx.x

xxx.xxx.
........
xxx.xxx.
........
xxx.xxx.
........
xxx.xxx.

xxx.xxx.xxx.xxx.xxx.
....................
xxx.xxx.xxx.xxx.xxx.
....................
xxx.xxx.xxx.xxx.xxx.
....................
xxx.xxx.xxx.xxx.xxx.
....................
xxx.xxx.xxx.xxx.xxx.
....................
xxx.xxx.xxx.xxx.xxx.
....................
xxx.xxx.xxx.xxx.xxx.
....................
xxx.xxx.xxx.xxx.xxx.
....................
xxx.xxx.xxx.xxx.xxx.
....................
xxx.xxx.xxx.xxx.xxx.
....................

xxx.x.
....x.
xxx.x.
......
xxx.x.
....x.
xxx.x.
......
xxx.x.
....x.
xxx.x.
......
xxx.x.
....x.
xxx.x.
......
xxx.x.
....x.
xxx.x.

xxx.xxx.x.
........x.
xxx.xxx.x.
..........
xxx.xxx.x.
........x.
xxx.xxx.x.
..........
xxx.xxx.x.
........x.

xxx.xxx.xxx
...........
xxx.xxx.xxx
...........
xxx.xxx.xxx
...........
xxx.xxx.xxx
...........
xxx.xxx.xxx
...........
xxx.xxx.xxx
...........
xxx.xxx.xxx
...........
xxx.xxx.xxx
...........
xxx.xxx.xxx
...........
xxx.xxx.xxx
...........
xxx.xxx.xxx
...........
xxx.xxx.xxx

xxx.xxx.x.
........x.
xxx.xxx.x.
..........
xxx.xxx.x.
........x.
xxx.xxx.x.
..........
xxx.xxx.x.
........x.
xxx.xxx.x.
..........
xxx.xxx.x.
........x.
xxx.xxx.x.
..........
xxx.xxx.x.
........x.
xxx.xxx.x.
..........
xxx.xxx.x.
........x.
xxx.xxx.x.
..........
xxx.xxx.x.
........x.
xxx.xxx.x.
..........
xxx.xxx.x.
........x.

xxx.xxx.xxx.xxx
...............
xxx.xxx.xxx.xxx
...............
xxx.xxx.xxx.xxx
...............
xxx.xxx.xxx.xxx
...............
xxx.xxx.xxx.xxx
...............
xxx.xxx.xxx.xxx
...............
xxx.xxx.xxx.xxx
...............
xxx.xxx.xxx.xxx
...............
xxx.xxx.xxx.xxx
...............
xxx.xxx.xxx.xxx
...............
xxx.xxx.xxx.xxx
...............

xxx.xxx.xxx.xxx.xxx.xxx.xxx.xxx.xxx.
....................................
xxx.xxx.xxx.xxx.xxx.xxx.xxx.xxx.xxx.
....................................
xxx.xxx.xxx.xxx.xxx.xxx.xxx.xxx.xxx.
....................................
xxx.xxx.xxx.xxx.xxx.xxx.xxx.xxx.xxx.
....................................
xxx.xxx.xxx.xxx.xxx.xxx.xxx.xxx.xxx.
....................................
xxx.xxx.xxx.xxx.xxx.xxx.xxx.xxx.xxx.
....................................
xxx.xxx.xxx.xxx.xxx.xxx.xxx.xxx.xxx.
....................................
xxx.xxx.xxx.xxx.xxx.xxx.xxx.xxx.xxx.
....................................
xxx.xxx.xxx.xxx.xxx.xxx.xxx.xxx.xxx.
....................................

xxx.xxx.xxx.xxx.xxx.xxx.x.
........................x.
xxx.xxx.xxx.xxx.xxx.xxx.x.
..........................
xxx.xxx.xxx.xxx.xxx.xxx.x.
........................x.
xxx.xxx.xxx.xxx.xxx.xxx.x.
..........................
xxx.xxx.xxx.xxx.xxx.xxx.x.
........................x.
xxx.xxx.xxx.xxx.xxx.xxx.x.
..........................
xxx.xxx.xxx.xxx.xxx.xxx.x.
........................x.
xxx.xxx.xxx.xxx.xxx.xxx.x.
..........................
xxx.xxx.xxx.xxx.xxx.xxx.x.
........................x.
xxx.xxx.xxx.xxx.xxx.xxx.x.
..........................
xxx.xxx.xxx.xxx.xxx.xxx.x.
........................x.
xxx.xxx.xxx.xxx.xxx.xxx.x.
..........................
xxx.xxx.xxx.xxx.xxx.xxx.x.
........................x.
xxx.xxx.xxx.xxx.xxx.xxx.x.
..........................
xxx.xxx.xxx.xxx.xxx.xxx.x.
........................x.
xxx.xxx.xxx.xxx.xxx.xxx.x.
..........................
xxx.xxx.xxx.xxx.xxx.xxx.x.
........................x.
xxx.xxx.xxx.xxx.xxx.xxx.x.

xxx.xxx.xxx.xxx.xxx.xxx.xxx.xxx.x.
................................x.
xxx.xxx.xxx.xxx.xxx.xxx.xxx.xxx.x.
..................................
xxx.xxx.xxx.xxx.xxx.xxx.xxx.xxx.x.
................................x.
xxx.xxx.xxx.xxx.xxx.xxx.xxx.xxx.x.
..................................
xxx.xxx.xxx.xxx.xxx.xxx.xxx.xxx.x.
................................x.
xxx.xxx.xxx.xxx.xxx.xxx.xxx.xxx.x.
..................................
xxx.xxx.xxx.xxx.xxx.xxx.xxx.xxx.x.
................................x.
xxx.xxx.xxx.xxx.xxx.xxx.xxx.xxx.x.
..................................

xxx.xxx.xxx.x.
............x.
xxx.xxx.xxx.x.
..............
xxx.xxx.xxx.x.
............x.

xxx.xxx.xxx.xxx.xxx.xxx.xxx.x
............................x
xxx.xxx.xxx.xxx.xxx.xxx.xxx.x
.............................
xxx.xxx.xxx.xxx.xxx.xxx.xxx.x
............................x
xxx.xxx.xxx.xxx.xxx.xxx.xxx.x
.............................
xxx.xxx.xxx.xxx.xxx.xxx.xxx.x
............................x
xxx.xxx.xxx.xxx.xxx.xxx.xxx.x
.............................
xxx.xxx.xxx.xxx.xxx.xxx.xxx.x
............................x
xxx.xxx.xxx.xxx.xxx.xxx.xxx.x
.............................
xxx.xxx.xxx.xxx.xxx.xxx.xxx.x
............................x
xxx.xxx.xxx.xxx.xxx.xxx.xxx.x
.............................
xxx.xxx.xxx.xxx.xxx.xxx.xxx.x

xxx.xxx.xxx.xxx.xxx.xxx.xxx.xxx.xxx.x
....................................x
xxx.xxx.xxx.xxx.xxx.xxx.xxx.xxx.xxx.x
.....................................
xxx.xxx.xxx.xxx.xxx.xxx.xxx.xxx.xxx.x
....................................x
xxx.xxx.xxx.xxx.xxx.xxx.xxx.xxx.xxx.x
.....................................
xxx.xxx.xxx.xxx.xxx.xxx.xxx.xxx.xxx.x
....................................x
xxx.xxx.xxx.xxx.xxx.xxx.xxx.xxx.xxx.x
.....................................
xxx.xxx.xxx.xxx.xxx.xxx.xxx.xxx.xxx.x
....................................x
xxx.xxx.xxx.xxx.xxx.xxx.xxx.xxx.xxx.x
.....................................
xxx.xxx.xxx.xxx.xxx.xxx.xxx.xxx.xxx.x
....................................x
xxx.xxx.xxx.xxx.xxx.xxx.xxx.xxx.xxx.x

xxx.xxx.xxx.x.
............x.
xxx.xxx.xxx.x.
..............
xxx.xxx.xxx.x.
............x.
xxx.xxx.xxx.x.
..............
xxx.xxx.xxx.x.
............x.
xxx.xxx.xxx.x.
..............
xxx.xxx.xxx.x.
............x.
xxx.xxx.xxx.x.
..............
xxx.xxx.xxx.x.
............x.
xxx.xxx.xxx.x.
..............
xxx.xxx.xxx.x.
............x.
xxx.xxx.xxx.x.
..............
xxx.xxx.xxx.x.
............x.
xxx.xxx.xxx.x.

xxx.x.
....x.
xxx.x.
......
xxx.x.
....x.
xxx.x.
......
xxx.x.
....x.
xxx.x.
......
xxx.x.
....x.
xxx.x.
......
xxx.x.
....x.
xxx.x.
......
xxx.x.
....x.
xxx.x.
......
xxx.x.
....x.
xxx.x.
......
xxx.x.

xxx.xxx.xxx.xxx.xxx.xxx
.......................
xxx.xxx.xxx.xxx.xxx.xxx
.......................
xxx.xxx.xxx.xxx.xxx.xxx

xxx.xxx.xxx.xxx.xxx.xxx.
........................
xxx.xxx.xxx.xxx.xxx.xxx.
........................
xxx.xxx.xxx.xxx.xxx.xxx.
........................
xxx.xxx.xxx.xxx.xxx.xxx.
........................
xxx.xxx.xxx.xxx.xxx.xxx.
........................
xxx.xxx.xxx.xxx.xxx.xxx.
........................
xxx.xxx.xxx.xxx.xxx.xxx.
........................
xxx.xxx.xxx.xxx.xxx.xxx.

xxx.xxx.xxx.
............
xxx.xxx.xxx.
............
xxx.xxx.xxx.
............
xxx.xxx.xxx.
............
xxx.xxx.xxx.

xxx.xxx
.......
xxx.xxx
.......

xxx.xxx.xxx.x
............x
xxx.xxx.xxx.x
.............
xxx.xxx.xxx.x
............x
xxx.xxx.xxx.x
.............
xxx.xxx.xxx.x
............x
xxx.xxx.xxx.x
.............
xxx.xxx.xxx.x
............x
xxx.xxx.xxx.x
.............
xxx.xxx.xxx.x
............x
xxx.xxx.xxx.x
.............

xxx.xxx.xxx.xxx.x.
................x.
xxx.xxx.xxx.xxx.x.
..................
xxx.xxx.xxx.xxx.x.
................x.
xxx.xxx.xxx.xxx.x.
..................
xxx.xxx.xxx.xxx.x.
................x.
xxx.xxx.xxx.xxx.x.
..................
xxx.xxx.xxx.xxx.x.
................x.
xxx.xxx.xxx.xxx.x.
..................
xxx.xxx.xxx.xxx.x.
................x.
xxx.xxx.xxx.xxx.x.
..................
xxx.xxx.xxx.xxx.x.
................x.
xxx.xxx.xxx.xxx.x.
..................
xxx.xxx.xxx.xxx.x.
................x.
xxx.xxx.xxx.xxx.x.
..................

xxx.xxx.xxx.xxx.xxx.xxx.x.
........................x.
xxx.xxx.xxx.xxx.xxx.xxx.x.
..........................
xxx.xxx.xxx.xxx.xxx.xxx.x.
........................x.

xxx.xxx.xxx.xxx.xxx.xxx.xxx.x
............................x
xxx.xxx.xxx.xxx.xxx.xxx.xxx.x
.............................
xxx.xxx.xxx.xxx.xxx.xxx.xxx.x
............................x
xxx.xxx.xxx.xxx.xxx.xxx.xxx.x
.............................
xxx.xxx.xxx.xxx.xxx.xxx.xxx.x
............................x
xxx.xxx.xxx.xxx.xxx.xxx.xxx.x
.............................

xxx.xxx.xxx.x.
............x.
xxx.xxx.xxx.x.
..............
xxx.xxx.xxx.x.
............x.
xxx.xxx.xxx.x.
..............
xxx.xxx.xxx.x.
............x.
xxx.xxx.xxx.x.
..............
xxx.xxx.xxx.x.
............x.

xxx.xxx.xxx.xxx.xxx.xxx.xxx.xxx.xxx.x.
....................................x.
xxx.xxx.xxx.xxx.xxx.xxx.xxx.xxx.xxx.x.
......................................
xxx.xxx.xxx.xxx.xxx.xxx.xxx.xxx.xxx.x.
....................................x.
xxx.xxx.xxx.xxx.xxx.xxx.xxx.xxx.xxx.x.
......................................
xxx.xxx.xxx.xxx.xxx.xxx.xxx.xxx.xxx.x.
....................................x.
xxx.xxx.xxx.xxx.xxx.xxx.xxx.xxx.xxx.x.
......................................
xxx.xxx.xxx.xxx.xxx.xxx.xxx.xxx.xxx.x.
....................................x.
xxx.xxx.xxx.xxx.xxx.xxx.xxx.xxx.xxx.x.
......................................
xxx.xxx.xxx.xxx.xxx.xxx.xxx.xxx.xxx.x.
....................................x.
xxx.xxx.xxx.xxx.xxx.xxx.xxx.xxx.xxx.x.
......................................
xxx.xxx.xxx.xxx.xxx.xxx.xxx.xxx.xxx.x.
....................................x.
xxx.xxx.xxx.xxx.xxx.xxx.xxx.xxx.xxx.x.
......................................
xxx.xxx.xxx.xxx.xxx.xxx.xxx.xxx.xxx.x.
....................................x.
xxx.xxx.xxx.xxx.xxx.xxx.xxx.xxx.xxx.x.
......................................
xxx.xxx.xxx.xxx.xxx.xxx.xxx.xxx.xxx.x.
....................................x.
xxx.xxx.xxx.xxx.xxx.xxx.xxx.xxx.xxx.x.
......................................
xxx.xxx.xxx.xxx.xxx.xxx.xxx.xxx.xxx.x.
....................................x.

xxx.xxx.xxx.xxx.xxx.xxx.xxx.xxx.x
................................x
xxx.xxx.xxx.xxx.xxx.xxx.xxx.xxx.x
.................................
xxx.xxx.xxx.xxx.xxx.xxx.xxx.xxx.x
................................x
xxx.xxx.xxx.xxx.xxx.xxx.xxx.xxx.x
.................................
xxx.xxx.xxx.xxx.xxx.xxx.xxx.xxx.x
................................x
xxx.xxx.xxx.xxx.xxx.xxx.xxx.xxx.x
.................................
xxx.xxx.xxx.xxx.xxx.xxx.xxx.xxx.x
................................x
xxx.xxx.xxx.xxx.xxx.xxx.xxx.xxx.x
.................................
xxx.xxx.xxx.xxx.xxx.xxx.xxx.xxx.x
................................x
xxx.xxx.xxx.xxx.xxx.xxx.xxx.xxx.x
.................................
xxx.xxx.xxx.xxx.xxx.xxx.xxx.xxx.x
................................x
xxx.xxx.xxx.xxx.xxx.xxx.xxx.xxx.x
.................................
xxx.xxx.xxx.xxx.xxx.xxx.xxx.xxx.x
................................x
xxx.xxx.xxx.xxx.xxx.xxx.xxx.xxx.x

xxx.x
....x
xxx.x
.....
xxx.x
....x
xxx.x
.....
xxx.x
....x
xxx.x
.....

