RRRPRRRPRRRPRRRPRRRPRRRPRPSSSSSS
RRRPRRRPRRRPRRRPRRRPRRRPRRRPPRPS
RRRPRRRPRRRPRRRPRRRPRRRPRSRPSSSS
RRRPRRRPRRRPRRRPRRRPRRRPPPPPPPPS
RRRPRRRPRRRPRRRPPPPPPPPPPPPPRPSS
RRRPRRRPRRRPRRRPRRRPRRRPRRRPPRPS
RRRPRRRPRRRPPPPPPPPRSRPSSSSSSSSS
PPPPPPPPPPPPPPPPRSRPSSSSSSSSSSSS
PPPPPPPPPPPPPPPRSRPSSSSSSSSSSSSS
RRRPRRRPPPPPPSSSSSSSSSSSSSSSSSSS
RRRPRRRPRRRPRRRPRRRPPPPPRSRPSSSS
RRRPRRRPRRRPRRRPPPPPPPPPPRPSSSSS
PPPPPRSRPSSSSSSSSSSSSSSSSSSSSSSS
RRRPRRRPRRRPRRRPRRRPPPPPPRPSSSSS
RRRPRRRPRRRPRRRPRRRPRRRPRSRPSSSS
RRRPPPPPPPPPPPPRSRPSSSSSSSSSSSSS
RRRPPPPPPPPSSSSSSSSSSSSSSSSSSSSS
RRRPRRRPRRRPRRRPSSSSSSSSSSSSSSSS
RRRPPPPPPPPPPPPPPPPPPPPPPPRSRPSS
PPPPPPPPPPPPPPPPPPPPPRPSSSSSSSSS
RRRPRRRPRRRPRRRPRRRPRRRPRRRPPPSS
RRRPRRRPRRRPRRRPRRRPRRRPPPPSSSSS
RRRPPPRSRPSSSSSSSSSSSSSSSSSSSSSS
RRRPRRRPPPPRSRPSSSSSSSSSSSSSSSSS
PPPPPPPPPPPPPPPPPPPPPPPPPPPRPSSS
RRRPRRRPRRRPRRRPPPPPPPRSRPSSSSSS
RRRPRRRPRRRPPPPPRPSSSSSSSSSSSSSS
RRRPPPPPPPPPPSSSSSSSSSSSSSSSSSSS
RRRPRRRPRRRPRRRPRRRPRRRPPRPSSSSS
RRRPRRRPRRRPPPPPPPPPPRSRPSSSSSSS
RRRPRRRPRRRPRRRPPPPPPPPPPPPRPSSS
RRRPRRRPPPPSSSSSSSSSSSSSSSSSSSSS
RRRPRRRPRRRPRRRPRRRPPPPPPRSRPSSS
RRRPPPPPPPPPPPPPPPPPRPSSSSSSSSSS
RRRPRRRPRRRPRRRPRRRPRRRPPPPPPRPS
RRRPRRRPPPPPPPPPPPPPPPPPRSRPSSSS
RRRPRRRPRRRPRRRPRRRPPPPPPPRSRPSS
RRRPRRRPRRRPRRRPPPRSRPSSSSSSSSSS
RRRPRRRPRRRPRRRPRRRPPPPPPPSSSSSS
RRRPRRRPRRRPRRRPRRRPRRRPPPPPRPSS
RRRPRRRPRRRPPPPPPPPPPRSRPSSSSSSS
RRRPRRRPPPPPPRPSSSSSSSSSSSSSSSSS
PPPPPPPPPPPPPPPPRSRPSSSSSSSSSSSS
RRRPRRRPRRRPRRRPRRRPPPSSSSSSSSSS
RRRPRRRPRRRPRRRPPPPPRSRPSSSSSSSS
RRRPPPPPPPPRSRPSSSSSSSSSSSSSSSSS
RRRPRRRPPRSRPSSSSSSSSSSSSSSSSSSS
RRRPRRRPRRRPRRRPRRRPPPPSSSSSSSSS
RRRPRRRPRRRPRRRPRRRPPPPPPPPPPPSS
RRRPRRRPRRRPRRRPSSSSSSSSSSSSSSSS
